{"/Users/yucong02/self/walli/src/Any.ts": {"path":"/Users/yucong02/self/walli/src/Any.ts","statementMap":{"0":{"start":{"line":7,"column":0},"end":{"line":7,"column":36}},"1":{"start":{"line":8,"column":0},"end":{"line":8,"column":37}},"2":{"start":{"line":17,"column":0},"end":{"line":17,"column":35}},"3":{"start":{"line":17,"column":25},"end":{"line":17,"column":35}},"4":{"start":{"line":18,"column":2},"end":{"line":20,"column":3}},"5":{"start":{"line":19,"column":4},"end":{"line":19,"column":15}},"6":{"start":{"line":21,"column":0},"end":{"line":21,"column":1}},"7":{"start":{"line":17,"column":13},"end":{"line":17,"column":16}},"8":{"start":{"line":23,"column":0},"end":{"line":23,"column":32}}},"fnMap":{"0":{"name":"(anonymous_5)","decl":{"start":{"line":17,"column":0},"end":{"line":null,"column":-1}},"loc":{"start":{"line":17,"column":0},"end":{"line":17,"column":-1}}},"1":{"name":"(anonymous_7)","decl":{"start":{"line":18,"column":2},"end":{"line":18,"column":8}},"loc":{"start":{"line":18,"column":21},"end":{"line":20,"column":3}}}},"branchMap":{},"s":{"0":1,"1":1,"2":1,"3":1,"4":1,"5":3,"6":1,"7":1,"8":1},"f":{"0":3,"1":3},"b":{}}
,"/Users/yucong02/self/walli/src/Array.ts": {"path":"/Users/yucong02/self/walli/src/Array.ts","statementMap":{"0":{"start":{"line":7,"column":0},"end":{"line":7,"column":36}},"1":{"start":{"line":8,"column":0},"end":{"line":8,"column":66}},"2":{"start":{"line":9,"column":0},"end":{"line":9,"column":37}},"3":{"start":{"line":10,"column":0},"end":{"line":10,"column":31}},"4":{"start":{"line":11,"column":0},"end":{"line":11,"column":52}},"5":{"start":{"line":12,"column":0},"end":{"line":12,"column":42}},"6":{"start":{"line":23,"column":0},"end":{"line":23,"column":37}},"7":{"start":{"line":23,"column":27},"end":{"line":23,"column":37}},"8":{"start":{"line":24,"column":2},"end":{"line":43,"column":3}},"9":{"start":{"line":24,"column":2},"end":{"line":43,"column":2}},"10":{"start":{"line":25,"column":4},"end":{"line":27,"column":5}},"11":{"start":{"line":26,"column":6},"end":{"line":26,"column":74}},"12":{"start":{"line":29,"column":4},"end":{"line":31,"column":5}},"13":{"start":{"line":30,"column":6},"end":{"line":30,"column":17}},"14":{"start":{"line":33,"column":20},"end":{"line":33,"column":42}},"15":{"start":{"line":34,"column":4},"end":{"line":41,"column":6}},"16":{"start":{"line":35,"column":16},"end":{"line":35,"column":42}},"17":{"start":{"line":36,"column":6},"end":{"line":38,"column":7}},"18":{"start":{"line":37,"column":8},"end":{"line":37,"column":14}},"19":{"start":{"line":39,"column":6},"end":{"line":39,"column":23}},"20":{"start":{"line":40,"column":6},"end":{"line":40,"column":23}},"21":{"start":{"line":42,"column":4},"end":{"line":42,"column":20}},"22":{"start":{"line":44,"column":0},"end":{"line":44,"column":1}},"23":{"start":{"line":23,"column":13},"end":{"line":23,"column":18}},"24":{"start":{"line":46,"column":0},"end":{"line":46,"column":36}}},"fnMap":{"0":{"name":"(anonymous_5)","decl":{"start":{"line":23,"column":0},"end":{"line":null,"column":-1}},"loc":{"start":{"line":23,"column":0},"end":{"line":23,"column":-1}}},"1":{"name":"(anonymous_7)","decl":{"start":{"line":24,"column":2},"end":{"line":24,"column":8}},"loc":{"start":{"line":24,"column":23},"end":{"line":43,"column":3}}},"2":{"name":"(anonymous_8)","decl":{"start":{"line":34,"column":20},"end":{"line":34,"column":20}},"loc":{"start":{"line":34,"column":27},"end":{"line":41,"column":5}}}},"branchMap":{"0":{"loc":{"start":{"line":25,"column":4},"end":{"line":27,"column":5}},"type":"if","locations":[{"start":{"line":25,"column":4},"end":{"line":27,"column":5}},{"start":{"line":25,"column":4},"end":{"line":27,"column":5}}]},"1":{"loc":{"start":{"line":29,"column":4},"end":{"line":31,"column":5}},"type":"if","locations":[{"start":{"line":29,"column":4},"end":{"line":31,"column":5}},{"start":{"line":29,"column":4},"end":{"line":31,"column":5}}]},"2":{"loc":{"start":{"line":36,"column":6},"end":{"line":38,"column":7}},"type":"if","locations":[{"start":{"line":36,"column":6},"end":{"line":38,"column":7}},{"start":{"line":36,"column":6},"end":{"line":38,"column":7}}]}},"s":{"0":1,"1":1,"2":1,"3":1,"4":1,"5":1,"6":1,"7":1,"8":1,"9":6,"10":6,"11":0,"12":6,"13":0,"14":6,"15":6,"16":18,"17":18,"18":15,"19":3,"20":3,"21":6,"22":1,"23":1,"24":1},"f":{"0":5,"1":6,"2":18},"b":{"0":[0,6],"1":[0,6],"2":[15,3]}}
,"/Users/yucong02/self/walli/src/Be.ts": {"path":"/Users/yucong02/self/walli/src/Be.ts","statementMap":{"0":{"start":{"line":7,"column":0},"end":{"line":7,"column":36}},"1":{"start":{"line":8,"column":0},"end":{"line":8,"column":66}},"2":{"start":{"line":9,"column":0},"end":{"line":9,"column":37}},"3":{"start":{"line":10,"column":0},"end":{"line":10,"column":36}},"4":{"start":{"line":21,"column":0},"end":{"line":21,"column":34}},"5":{"start":{"line":21,"column":24},"end":{"line":21,"column":34}},"6":{"start":{"line":22,"column":2},"end":{"line":27,"column":3}},"7":{"start":{"line":23,"column":4},"end":{"line":25,"column":5}},"8":{"start":{"line":24,"column":6},"end":{"line":24,"column":17}},"9":{"start":{"line":26,"column":4},"end":{"line":26,"column":60}},"10":{"start":{"line":28,"column":0},"end":{"line":28,"column":1}},"11":{"start":{"line":21,"column":13},"end":{"line":21,"column":15}},"12":{"start":{"line":30,"column":0},"end":{"line":30,"column":30}}},"fnMap":{"0":{"name":"(anonymous_5)","decl":{"start":{"line":21,"column":0},"end":{"line":null,"column":-1}},"loc":{"start":{"line":21,"column":0},"end":{"line":21,"column":-1}}},"1":{"name":"(anonymous_7)","decl":{"start":{"line":22,"column":2},"end":{"line":22,"column":8}},"loc":{"start":{"line":22,"column":21},"end":{"line":27,"column":3}}}},"branchMap":{"0":{"loc":{"start":{"line":23,"column":4},"end":{"line":25,"column":5}},"type":"if","locations":[{"start":{"line":23,"column":4},"end":{"line":25,"column":5}},{"start":{"line":23,"column":4},"end":{"line":25,"column":5}}]}},"s":{"0":2,"1":2,"2":2,"3":2,"4":2,"5":2,"6":2,"7":38,"8":14,"9":24,"10":2,"11":2,"12":2},"f":{"0":36,"1":38},"b":{"0":[14,24]}}
,"/Users/yucong02/self/walli/src/Boolean.ts": {"path":"/Users/yucong02/self/walli/src/Boolean.ts","statementMap":{"0":{"start":{"line":7,"column":0},"end":{"line":7,"column":37}},"1":{"start":{"line":8,"column":0},"end":{"line":8,"column":33}},"2":{"start":{"line":9,"column":0},"end":{"line":9,"column":48}},"3":{"start":{"line":14,"column":0},"end":{"line":14,"column":43}},"4":{"start":{"line":14,"column":29},"end":{"line":14,"column":43}},"5":{"start":{"line":14,"column":0},"end":{"line":20,"column":0}},"6":{"start":{"line":15,"column":2},"end":{"line":15,"column":18}},"7":{"start":{"line":16,"column":2},"end":{"line":19,"column":3}},"8":{"start":{"line":20,"column":0},"end":{"line":20,"column":1}},"9":{"start":{"line":14,"column":13},"end":{"line":14,"column":20}},"10":{"start":{"line":22,"column":0},"end":{"line":22,"column":40}}},"fnMap":{"0":{"name":"(anonymous_5)","decl":{"start":{"line":14,"column":0},"end":{"line":null,"column":-1}},"loc":{"start":{"line":14,"column":0},"end":{"line":14,"column":-1}}}},"branchMap":{"0":{"loc":{"start":{"line":14,"column":0},"end":{"line":20,"column":0}},"type":"binary-expr","locations":[{"start":{"line":14,"column":0},"end":{"line":20,"column":0}},{"start":{"line":14,"column":0},"end":{"line":20,"column":0}},{"start":{"line":14,"column":0},"end":{"line":20,"column":0}}]}},"s":{"0":1,"1":1,"2":1,"3":1,"4":1,"5":5,"6":5,"7":5,"8":1,"9":1,"10":1},"f":{"0":6},"b":{"0":[5,5,0]}}
,"/Users/yucong02/self/walli/src/Custom.ts": {"path":"/Users/yucong02/self/walli/src/Custom.ts","statementMap":{"0":{"start":{"line":7,"column":0},"end":{"line":7,"column":51}},"1":{"start":{"line":8,"column":0},"end":{"line":8,"column":37}},"2":{"start":{"line":27,"column":0},"end":{"line":27,"column":38}},"3":{"start":{"line":27,"column":28},"end":{"line":27,"column":38}},"4":{"start":{"line":30,"column":2},"end":{"line":32,"column":3}},"5":{"start":{"line":30,"column":9},"end":{"line":30,"column":26}},"6":{"start":{"line":30,"column":9},"end":{"line":30,"column":27}},"7":{"start":{"line":31,"column":4},"end":{"line":31,"column":42}},"8":{"start":{"line":33,"column":0},"end":{"line":33,"column":1}},"9":{"start":{"line":27,"column":13},"end":{"line":27,"column":19}},"10":{"start":{"line":35,"column":0},"end":{"line":35,"column":62}}},"fnMap":{"0":{"name":"(anonymous_5)","decl":{"start":{"line":27,"column":0},"end":{"line":null,"column":-1}},"loc":{"start":{"line":27,"column":0},"end":{"line":27,"column":-1}}},"1":{"name":"(anonymous_7)","decl":{"start":{"line":30,"column":2},"end":{"line":null,"column":-1}},"loc":{"start":{"line":30,"column":2},"end":{"line":32,"column":3}}}},"branchMap":{},"s":{"0":1,"1":1,"2":1,"3":1,"4":1,"5":1,"6":1,"7":1,"8":1,"9":1,"10":1},"f":{"0":3,"1":1},"b":{}}
,"/Users/yucong02/self/walli/src/Date.ts": {"path":"/Users/yucong02/self/walli/src/Date.ts","statementMap":{"0":{"start":{"line":7,"column":0},"end":{"line":7,"column":37}},"1":{"start":{"line":8,"column":0},"end":{"line":8,"column":30}},"2":{"start":{"line":9,"column":0},"end":{"line":9,"column":48}},"3":{"start":{"line":14,"column":0},"end":{"line":14,"column":40}},"4":{"start":{"line":14,"column":26},"end":{"line":14,"column":40}},"5":{"start":{"line":14,"column":0},"end":{"line":20,"column":0}},"6":{"start":{"line":15,"column":2},"end":{"line":15,"column":27}},"7":{"start":{"line":15,"column":16},"end":{"line":15,"column":27}},"8":{"start":{"line":16,"column":2},"end":{"line":19,"column":3}},"9":{"start":{"line":20,"column":0},"end":{"line":20,"column":1}},"10":{"start":{"line":14,"column":13},"end":{"line":14,"column":17}},"11":{"start":{"line":22,"column":0},"end":{"line":22,"column":34}}},"fnMap":{"0":{"name":"(anonymous_5)","decl":{"start":{"line":14,"column":0},"end":{"line":null,"column":-1}},"loc":{"start":{"line":14,"column":0},"end":{"line":14,"column":-1}}},"1":{"name":"(anonymous_7)","decl":{"start":{"line":15,"column":9},"end":{"line":15,"column":8}},"loc":{"start":{"line":15,"column":12},"end":{"line":15,"column":27}}}},"branchMap":{"0":{"loc":{"start":{"line":14,"column":0},"end":{"line":20,"column":0}},"type":"binary-expr","locations":[{"start":{"line":14,"column":0},"end":{"line":20,"column":0}},{"start":{"line":14,"column":0},"end":{"line":20,"column":0}},{"start":{"line":14,"column":0},"end":{"line":20,"column":0}}]}},"s":{"0":1,"1":1,"2":1,"3":1,"4":1,"5":0,"6":0,"7":0,"8":0,"9":1,"10":1,"11":1},"f":{"0":1,"1":0},"b":{"0":[0,0,0]}}
,"/Users/yucong02/self/walli/src/Equal.ts": {"path":"/Users/yucong02/self/walli/src/Equal.ts","statementMap":{"0":{"start":{"line":7,"column":0},"end":{"line":7,"column":37}},"1":{"start":{"line":9,"column":0},"end":{"line":9,"column":40}},"2":{"start":{"line":25,"column":0},"end":{"line":25,"column":37}},"3":{"start":{"line":25,"column":27},"end":{"line":25,"column":37}},"4":{"start":{"line":27,"column":4},"end":{"line":27,"column":33}},"5":{"start":{"line":26,"column":21},"end":{"line":26,"column":31}},"6":{"start":{"line":29,"column":0},"end":{"line":29,"column":1}},"7":{"start":{"line":25,"column":13},"end":{"line":25,"column":18}},"8":{"start":{"line":31,"column":0},"end":{"line":31,"column":36}}},"fnMap":{"0":{"name":"(anonymous_5)","decl":{"start":{"line":25,"column":0},"end":{"line":null,"column":-1}},"loc":{"start":{"line":25,"column":0},"end":{"line":25,"column":-1}}},"1":{"name":"Equal","decl":{"start":{"line":26,"column":2},"end":{"line":26,"column":20}},"loc":{"start":{"line":26,"column":31},"end":{"line":28,"column":3}}}},"branchMap":{"0":{"loc":{"start":{"line":27,"column":4},"end":{"line":27,"column":33}},"type":"binary-expr","locations":[{"start":{"line":27,"column":4},"end":{"line":27,"column":33}},{"start":{"line":27,"column":33},"end":{"line":28,"column":2}}]}},"s":{"0":2,"1":2,"2":2,"3":2,"4":18,"5":18,"6":2,"7":2,"8":2},"f":{"0":2,"1":18},"b":{"0":[18,0]}}
,"/Users/yucong02/self/walli/src/Every.ts": {"path":"/Users/yucong02/self/walli/src/Every.ts","statementMap":{"0":{"start":{"line":7,"column":0},"end":{"line":7,"column":36}},"1":{"start":{"line":8,"column":0},"end":{"line":8,"column":46}},"2":{"start":{"line":9,"column":0},"end":{"line":9,"column":47}},"3":{"start":{"line":23,"column":0},"end":{"line":23,"column":37}},"4":{"start":{"line":23,"column":27},"end":{"line":23,"column":37}},"5":{"start":{"line":26,"column":2},"end":{"line":28,"column":3}},"6":{"start":{"line":27,"column":4},"end":{"line":27,"column":54}},"7":{"start":{"line":29,"column":0},"end":{"line":29,"column":1}},"8":{"start":{"line":23,"column":13},"end":{"line":23,"column":18}},"9":{"start":{"line":31,"column":0},"end":{"line":31,"column":43}}},"fnMap":{"0":{"name":"(anonymous_5)","decl":{"start":{"line":23,"column":0},"end":{"line":null,"column":-1}},"loc":{"start":{"line":23,"column":0},"end":{"line":23,"column":-1}}},"1":{"name":"(anonymous_7)","decl":{"start":{"line":26,"column":2},"end":{"line":26,"column":8}},"loc":{"start":{"line":26,"column":21},"end":{"line":28,"column":3}}}},"branchMap":{},"s":{"0":2,"1":2,"2":2,"3":2,"4":2,"5":2,"6":7,"7":2,"8":2,"9":2},"f":{"0":5,"1":7},"b":{}}
,"/Users/yucong02/self/walli/src/Function.ts": {"path":"/Users/yucong02/self/walli/src/Function.ts","statementMap":{"0":{"start":{"line":7,"column":0},"end":{"line":7,"column":37}},"1":{"start":{"line":8,"column":0},"end":{"line":8,"column":34}},"2":{"start":{"line":9,"column":0},"end":{"line":9,"column":48}},"3":{"start":{"line":14,"column":0},"end":{"line":14,"column":44}},"4":{"start":{"line":14,"column":30},"end":{"line":14,"column":44}},"5":{"start":{"line":14,"column":0},"end":{"line":20,"column":0}},"6":{"start":{"line":15,"column":2},"end":{"line":15,"column":19}},"7":{"start":{"line":16,"column":2},"end":{"line":19,"column":3}},"8":{"start":{"line":20,"column":0},"end":{"line":20,"column":1}},"9":{"start":{"line":14,"column":13},"end":{"line":14,"column":21}},"10":{"start":{"line":22,"column":0},"end":{"line":22,"column":42}}},"fnMap":{"0":{"name":"(anonymous_5)","decl":{"start":{"line":14,"column":0},"end":{"line":null,"column":-1}},"loc":{"start":{"line":14,"column":0},"end":{"line":14,"column":-1}}}},"branchMap":{"0":{"loc":{"start":{"line":14,"column":0},"end":{"line":20,"column":0}},"type":"binary-expr","locations":[{"start":{"line":14,"column":0},"end":{"line":20,"column":0}},{"start":{"line":14,"column":0},"end":{"line":20,"column":0}},{"start":{"line":14,"column":0},"end":{"line":20,"column":0}}]}},"s":{"0":1,"1":1,"2":1,"3":1,"4":1,"5":1,"6":1,"7":1,"8":1,"9":1,"10":1},"f":{"0":2},"b":{"0":[1,1,0]}}
,"/Users/yucong02/self/walli/src/InnerEqual.ts": {"path":"/Users/yucong02/self/walli/src/InnerEqual.ts","statementMap":{"0":{"start":{"line":7,"column":0},"end":{"line":7,"column":36}},"1":{"start":{"line":8,"column":0},"end":{"line":8,"column":58}},"2":{"start":{"line":9,"column":0},"end":{"line":9,"column":57}},"3":{"start":{"line":10,"column":0},"end":{"line":10,"column":26}},"4":{"start":{"line":11,"column":0},"end":{"line":11,"column":42}},"5":{"start":{"line":12,"column":0},"end":{"line":12,"column":52}},"6":{"start":{"line":13,"column":0},"end":{"line":13,"column":41}},"7":{"start":{"line":17,"column":2},"end":{"line":17,"column":44}},"8":{"start":{"line":20,"column":0},"end":{"line":20,"column":42}},"9":{"start":{"line":20,"column":32},"end":{"line":20,"column":42}},"10":{"start":{"line":21,"column":40},"end":{"line":21,"column":66}},"11":{"start":{"line":22,"column":4},"end":{"line":22,"column":24}},"12":{"start":{"line":21,"column":21},"end":{"line":21,"column":31}},"13":{"start":{"line":25,"column":10},"end":{"line":27,"column":3}},"14":{"start":{"line":26,"column":4},"end":{"line":26,"column":45}},"15":{"start":{"line":29,"column":10},"end":{"line":39,"column":3}},"16":{"start":{"line":29,"column":37},"end":{"line":29,"column":50}},"17":{"start":{"line":29,"column":37},"end":{"line":29,"column":51}},"18":{"start":{"line":30,"column":4},"end":{"line":35,"column":6}},"19":{"start":{"line":31,"column":6},"end":{"line":33,"column":7}},"20":{"start":{"line":32,"column":8},"end":{"line":32,"column":22}},"21":{"start":{"line":34,"column":6},"end":{"line":34,"column":16}},"22":{"start":{"line":37,"column":4},"end":{"line":37,"column":30}},"23":{"start":{"line":38,"column":4},"end":{"line":38,"column":15}},"24":{"start":{"line":41,"column":9},"end":{"line":43,"column":3}},"25":{"start":{"line":41,"column":15},"end":{"line":41,"column":46}},"26":{"start":{"line":41,"column":15},"end":{"line":41,"column":47}},"27":{"start":{"line":42,"column":4},"end":{"line":42,"column":42}},"28":{"start":{"line":45,"column":9},"end":{"line":47,"column":3}},"29":{"start":{"line":45,"column":16},"end":{"line":45,"column":47}},"30":{"start":{"line":45,"column":16},"end":{"line":45,"column":48}},"31":{"start":{"line":46,"column":4},"end":{"line":46,"column":43}},"32":{"start":{"line":49,"column":2},"end":{"line":119,"column":3}},"33":{"start":{"line":49,"column":2},"end":{"line":119,"column":2}},"34":{"start":{"line":50,"column":18},"end":{"line":50,"column":36}},"35":{"start":{"line":52,"column":17},"end":{"line":52,"column":26}},"36":{"start":{"line":53,"column":4},"end":{"line":116,"column":5}},"37":{"start":{"line":55,"column":6},"end":{"line":111,"column":7}},"38":{"start":{"line":57,"column":8},"end":{"line":67,"column":9}},"39":{"start":{"line":61,"column":10},"end":{"line":66,"column":11}},"40":{"start":{"line":69,"column":23},"end":{"line":69,"column":40}},"41":{"start":{"line":70,"column":31},"end":{"line":72,"column":9}},"42":{"start":{"line":71,"column":17},"end":{"line":71,"column":38}},"43":{"start":{"line":73,"column":22},"end":{"line":73,"column":42}},"44":{"start":{"line":74,"column":8},"end":{"line":80,"column":9}},"45":{"start":{"line":75,"column":10},"end":{"line":79,"column":11}},"46":{"start":{"line":76,"column":12},"end":{"line":78,"column":51}},"47":{"start":{"line":82,"column":21},"end":{"line":82,"column":42}},"48":{"start":{"line":83,"column":27},"end":{"line":83,"column":29}},"49":{"start":{"line":84,"column":8},"end":{"line":106,"column":10}},"50":{"start":{"line":85,"column":28},"end":{"line":85,"column":48}},"51":{"start":{"line":86,"column":18},"end":{"line":86,"column":27}},"52":{"start":{"line":88,"column":10},"end":{"line":94,"column":11}},"53":{"start":{"line":93,"column":12},"end":{"line":93,"column":18}},"54":{"start":{"line":96,"column":24},"end":{"line":96,"column":61}},"55":{"start":{"line":97,"column":10},"end":{"line":105,"column":11}},"56":{"start":{"line":98,"column":12},"end":{"line":98,"column":37}},"57":{"start":{"line":100,"column":12},"end":{"line":104,"column":13}},"58":{"start":{"line":101,"column":14},"end":{"line":101,"column":41}},"59":{"start":{"line":103,"column":14},"end":{"line":103,"column":38}},"60":{"start":{"line":108,"column":8},"end":{"line":110,"column":9}},"61":{"start":{"line":109,"column":27},"end":{"line":109,"column":44}},"62":{"start":{"line":112,"column":6},"end":{"line":114,"column":7}},"63":{"start":{"line":113,"column":8},"end":{"line":113,"column":19}},"64":{"start":{"line":115,"column":6},"end":{"line":115,"column":45}},"65":{"start":{"line":118,"column":4},"end":{"line":118,"column":30}},"66":{"start":{"line":120,"column":0},"end":{"line":120,"column":1}},"67":{"start":{"line":20,"column":13},"end":{"line":20,"column":23}},"68":{"start":{"line":122,"column":0},"end":{"line":122,"column":46}}},"fnMap":{"0":{"name":"isObjectMap","decl":{"start":{"line":16,"column":0},"end":{"line":16,"column":20}},"loc":{"start":{"line":16,"column":30},"end":{"line":18,"column":1}}},"1":{"name":"(anonymous_6)","decl":{"start":{"line":20,"column":0},"end":{"line":null,"column":-1}},"loc":{"start":{"line":20,"column":0},"end":{"line":20,"column":-1}}},"2":{"name":"InnerEqual","decl":{"start":{"line":21,"column":2},"end":{"line":21,"column":20}},"loc":{"start":{"line":21,"column":66},"end":{"line":23,"column":3}}},"3":{"name":"(anonymous_8)","decl":{"start":{"line":25,"column":16},"end":{"line":25,"column":16}},"loc":{"start":{"line":25,"column":27},"end":{"line":27,"column":3}}},"4":{"name":"(anonymous_9)","decl":{"start":{"line":29,"column":2},"end":{"line":29,"column":18}},"loc":{"start":{"line":29,"column":35},"end":{"line":39,"column":3}}},"5":{"name":"(anonymous_10)","decl":{"start":{"line":30,"column":20},"end":{"line":30,"column":19}},"loc":{"start":{"line":30,"column":23},"end":{"line":35,"column":5}}},"6":{"name":"(anonymous_11)","decl":{"start":{"line":41,"column":2},"end":{"line":null,"column":-1}},"loc":{"start":{"line":41,"column":2},"end":{"line":43,"column":3}}},"7":{"name":"(anonymous_12)","decl":{"start":{"line":45,"column":2},"end":{"line":null,"column":-1}},"loc":{"start":{"line":45,"column":2},"end":{"line":47,"column":3}}},"8":{"name":"(anonymous_13)","decl":{"start":{"line":49,"column":2},"end":{"line":49,"column":8}},"loc":{"start":{"line":49,"column":21},"end":{"line":119,"column":3}}},"9":{"name":"(anonymous_14)","decl":{"start":{"line":71,"column":10},"end":{"line":71,"column":9}},"loc":{"start":{"line":71,"column":13},"end":{"line":71,"column":38}}},"10":{"name":"(anonymous_15)","decl":{"start":{"line":84,"column":34},"end":{"line":84,"column":33}},"loc":{"start":{"line":84,"column":37},"end":{"line":106,"column":9}}},"11":{"name":"(anonymous_16)","decl":{"start":{"line":109,"column":22},"end":{"line":109,"column":21}},"loc":{"start":{"line":109,"column":23},"end":{"line":109,"column":44}}}},"branchMap":{"0":{"loc":{"start":{"line":17,"column":9},"end":{"line":17,"column":25}},"type":"binary-expr","locations":[{"start":{"line":17,"column":9},"end":{"line":17,"column":25}},{"start":{"line":17,"column":29},"end":{"line":17,"column":44}}]},"1":{"loc":{"start":{"line":21,"column":40},"end":{"line":21,"column":66}},"type":"if","locations":[{"start":{"line":21,"column":40},"end":{"line":21,"column":66}},{"start":{"line":21,"column":40},"end":{"line":21,"column":66}}]},"2":{"loc":{"start":{"line":22,"column":4},"end":{"line":22,"column":24}},"type":"binary-expr","locations":[{"start":{"line":22,"column":4},"end":{"line":22,"column":24}},{"start":{"line":22,"column":24},"end":{"line":23,"column":2}}]},"3":{"loc":{"start":{"line":31,"column":6},"end":{"line":33,"column":7}},"type":"if","locations":[{"start":{"line":31,"column":6},"end":{"line":33,"column":7}},{"start":{"line":31,"column":6},"end":{"line":33,"column":7}}]},"4":{"loc":{"start":{"line":53,"column":4},"end":{"line":116,"column":5}},"type":"if","locations":[{"start":{"line":53,"column":4},"end":{"line":116,"column":5}},{"start":{"line":53,"column":4},"end":{"line":116,"column":5}}]},"5":{"loc":{"start":{"line":55,"column":6},"end":{"line":111,"column":7}},"type":"if","locations":[{"start":{"line":55,"column":6},"end":{"line":111,"column":7}},{"start":{"line":55,"column":6},"end":{"line":111,"column":7}}]},"6":{"loc":{"start":{"line":55,"column":10},"end":{"line":55,"column":25}},"type":"binary-expr","locations":[{"start":{"line":55,"column":10},"end":{"line":55,"column":25}},{"start":{"line":55,"column":29},"end":{"line":55,"column":46}}]},"7":{"loc":{"start":{"line":57,"column":8},"end":{"line":67,"column":9}},"type":"if","locations":[{"start":{"line":57,"column":8},"end":{"line":67,"column":9}},{"start":{"line":57,"column":8},"end":{"line":67,"column":9}}]},"8":{"loc":{"start":{"line":58,"column":10},"end":{"line":58,"column":48}},"type":"binary-expr","locations":[{"start":{"line":58,"column":10},"end":{"line":58,"column":48}},{"start":{"line":59,"column":10},"end":{"line":59,"column":52}}]},"9":{"loc":{"start":{"line":74,"column":8},"end":{"line":80,"column":9}},"type":"if","locations":[{"start":{"line":74,"column":8},"end":{"line":80,"column":9}},{"start":{"line":74,"column":8},"end":{"line":80,"column":9}}]},"10":{"loc":{"start":{"line":75,"column":10},"end":{"line":79,"column":11}},"type":"if","locations":[{"start":{"line":75,"column":10},"end":{"line":79,"column":11}},{"start":{"line":75,"column":10},"end":{"line":79,"column":11}}]},"11":{"loc":{"start":{"line":88,"column":10},"end":{"line":94,"column":11}},"type":"if","locations":[{"start":{"line":88,"column":10},"end":{"line":94,"column":11}},{"start":{"line":88,"column":10},"end":{"line":94,"column":11}}]},"12":{"loc":{"start":{"line":89,"column":12},"end":{"line":89,"column":35}},"type":"binary-expr","locations":[{"start":{"line":89,"column":12},"end":{"line":89,"column":35}},{"start":{"line":90,"column":12},"end":{"line":90,"column":25}},{"start":{"line":91,"column":12},"end":{"line":91,"column":47}}]},"13":{"loc":{"start":{"line":97,"column":10},"end":{"line":105,"column":11}},"type":"if","locations":[{"start":{"line":97,"column":10},"end":{"line":105,"column":11}},{"start":{"line":97,"column":10},"end":{"line":105,"column":11}}]},"14":{"loc":{"start":{"line":100,"column":12},"end":{"line":104,"column":13}},"type":"if","locations":[{"start":{"line":100,"column":12},"end":{"line":104,"column":13}},{"start":{"line":100,"column":12},"end":{"line":104,"column":13}}]},"15":{"loc":{"start":{"line":112,"column":6},"end":{"line":114,"column":7}},"type":"if","locations":[{"start":{"line":112,"column":6},"end":{"line":114,"column":7}},{"start":{"line":112,"column":6},"end":{"line":114,"column":7}}]},"16":{"loc":{"start":{"line":112,"column":10},"end":{"line":112,"column":25}},"type":"binary-expr","locations":[{"start":{"line":112,"column":10},"end":{"line":112,"column":25}},{"start":{"line":112,"column":29},"end":{"line":112,"column":53}}]}},"s":{"0":2,"1":2,"2":2,"3":2,"4":2,"5":2,"6":2,"7":105,"8":2,"9":2,"10":84,"11":42,"12":42,"13":42,"14":15,"15":2,"16":1,"17":1,"18":1,"19":1,"20":1,"21":1,"22":1,"23":1,"24":2,"25":0,"26":0,"27":0,"28":2,"29":1,"30":1,"31":1,"32":2,"33":46,"34":46,"35":46,"36":46,"37":45,"38":35,"39":2,"40":33,"41":33,"42":74,"43":33,"44":33,"45":21,"46":3,"47":30,"48":30,"49":30,"50":72,"51":72,"52":72,"53":9,"54":63,"55":63,"56":16,"57":16,"58":16,"59":0,"60":30,"61":16,"62":10,"63":10,"64":0,"65":1,"66":2,"67":2,"68":2},"f":{"0":105,"1":2,"2":42,"3":15,"4":1,"5":1,"6":0,"7":1,"8":46,"9":74,"10":72,"11":16},"b":{"0":[105,95],"1":[0,42],"2":[42,0],"3":[1,0],"4":[45,1],"5":[35,10],"6":[45,39],"7":[2,33],"8":[35,33],"9":[21,12],"10":[3,18],"11":[9,63],"12":[72,57,23],"13":[16,47],"14":[16,0],"15":[10,0],"16":[10,0]}}
,"/Users/yucong02/self/walli/src/InstanceOf.ts": {"path":"/Users/yucong02/self/walli/src/InstanceOf.ts","statementMap":{"0":{"start":{"line":7,"column":0},"end":{"line":7,"column":36}},"1":{"start":{"line":8,"column":0},"end":{"line":8,"column":50}},"2":{"start":{"line":17,"column":0},"end":{"line":17,"column":42}},"3":{"start":{"line":17,"column":32},"end":{"line":17,"column":42}},"4":{"start":{"line":20,"column":2},"end":{"line":26,"column":3}},"5":{"start":{"line":21,"column":4},"end":{"line":23,"column":5}},"6":{"start":{"line":22,"column":6},"end":{"line":22,"column":17}},"7":{"start":{"line":25,"column":4},"end":{"line":25,"column":86}},"8":{"start":{"line":27,"column":0},"end":{"line":27,"column":1}},"9":{"start":{"line":17,"column":13},"end":{"line":17,"column":23}},"10":{"start":{"line":29,"column":0},"end":{"line":29,"column":46}}},"fnMap":{"0":{"name":"(anonymous_5)","decl":{"start":{"line":17,"column":0},"end":{"line":null,"column":-1}},"loc":{"start":{"line":17,"column":0},"end":{"line":17,"column":-1}}},"1":{"name":"(anonymous_7)","decl":{"start":{"line":20,"column":2},"end":{"line":20,"column":8}},"loc":{"start":{"line":20,"column":21},"end":{"line":26,"column":3}}}},"branchMap":{"0":{"loc":{"start":{"line":21,"column":4},"end":{"line":23,"column":5}},"type":"if","locations":[{"start":{"line":21,"column":4},"end":{"line":23,"column":5}},{"start":{"line":21,"column":4},"end":{"line":23,"column":5}}]}},"s":{"0":2,"1":2,"2":2,"3":2,"4":2,"5":9,"6":4,"7":5,"8":2,"9":2,"10":2},"f":{"0":11,"1":9},"b":{"0":[4,5]}}
,"/Users/yucong02/self/walli/src/Integer.ts": {"path":"/Users/yucong02/self/walli/src/Integer.ts","statementMap":{"0":{"start":{"line":7,"column":0},"end":{"line":7,"column":37}},"1":{"start":{"line":8,"column":0},"end":{"line":8,"column":33}},"2":{"start":{"line":9,"column":0},"end":{"line":9,"column":48}},"3":{"start":{"line":14,"column":0},"end":{"line":14,"column":43}},"4":{"start":{"line":14,"column":29},"end":{"line":14,"column":43}},"5":{"start":{"line":14,"column":0},"end":{"line":20,"column":0}},"6":{"start":{"line":15,"column":2},"end":{"line":15,"column":18}},"7":{"start":{"line":16,"column":2},"end":{"line":19,"column":3}},"8":{"start":{"line":20,"column":0},"end":{"line":20,"column":1}},"9":{"start":{"line":14,"column":13},"end":{"line":14,"column":20}},"10":{"start":{"line":22,"column":0},"end":{"line":22,"column":40}}},"fnMap":{"0":{"name":"(anonymous_5)","decl":{"start":{"line":14,"column":0},"end":{"line":null,"column":-1}},"loc":{"start":{"line":14,"column":0},"end":{"line":14,"column":-1}}}},"branchMap":{"0":{"loc":{"start":{"line":14,"column":0},"end":{"line":20,"column":0}},"type":"binary-expr","locations":[{"start":{"line":14,"column":0},"end":{"line":20,"column":0}},{"start":{"line":14,"column":0},"end":{"line":20,"column":0}},{"start":{"line":14,"column":0},"end":{"line":20,"column":0}}]}},"s":{"0":1,"1":1,"2":1,"3":1,"4":1,"5":2,"6":2,"7":2,"8":1,"9":1,"10":1},"f":{"0":3},"b":{"0":[2,2,0]}}
,"/Users/yucong02/self/walli/src/LooseEqual.ts": {"path":"/Users/yucong02/self/walli/src/LooseEqual.ts","statementMap":{"0":{"start":{"line":7,"column":0},"end":{"line":7,"column":37}},"1":{"start":{"line":8,"column":0},"end":{"line":8,"column":40}},"2":{"start":{"line":26,"column":0},"end":{"line":26,"column":42}},"3":{"start":{"line":26,"column":32},"end":{"line":26,"column":42}},"4":{"start":{"line":28,"column":4},"end":{"line":28,"column":32}},"5":{"start":{"line":27,"column":21},"end":{"line":27,"column":31}},"6":{"start":{"line":30,"column":0},"end":{"line":30,"column":1}},"7":{"start":{"line":26,"column":13},"end":{"line":26,"column":23}},"8":{"start":{"line":32,"column":0},"end":{"line":32,"column":46}}},"fnMap":{"0":{"name":"(anonymous_5)","decl":{"start":{"line":26,"column":0},"end":{"line":null,"column":-1}},"loc":{"start":{"line":26,"column":0},"end":{"line":26,"column":-1}}},"1":{"name":"LooseEqual","decl":{"start":{"line":27,"column":2},"end":{"line":27,"column":20}},"loc":{"start":{"line":27,"column":31},"end":{"line":29,"column":3}}}},"branchMap":{"0":{"loc":{"start":{"line":28,"column":4},"end":{"line":28,"column":32}},"type":"binary-expr","locations":[{"start":{"line":28,"column":4},"end":{"line":28,"column":32}},{"start":{"line":28,"column":32},"end":{"line":29,"column":2}}]}},"s":{"0":2,"1":2,"2":2,"3":2,"4":9,"5":9,"6":2,"7":2,"8":2},"f":{"0":2,"1":9},"b":{"0":[9,0]}}
,"/Users/yucong02/self/walli/src/Nil.ts": {"path":"/Users/yucong02/self/walli/src/Nil.ts","statementMap":{"0":{"start":{"line":7,"column":0},"end":{"line":7,"column":37}},"1":{"start":{"line":8,"column":0},"end":{"line":8,"column":29}},"2":{"start":{"line":9,"column":0},"end":{"line":9,"column":48}},"3":{"start":{"line":14,"column":0},"end":{"line":14,"column":39}},"4":{"start":{"line":14,"column":25},"end":{"line":14,"column":39}},"5":{"start":{"line":14,"column":0},"end":{"line":20,"column":0}},"6":{"start":{"line":15,"column":2},"end":{"line":15,"column":14}},"7":{"start":{"line":16,"column":2},"end":{"line":19,"column":3}},"8":{"start":{"line":20,"column":0},"end":{"line":20,"column":1}},"9":{"start":{"line":14,"column":13},"end":{"line":14,"column":16}},"10":{"start":{"line":22,"column":0},"end":{"line":22,"column":32}}},"fnMap":{"0":{"name":"(anonymous_5)","decl":{"start":{"line":14,"column":0},"end":{"line":null,"column":-1}},"loc":{"start":{"line":14,"column":0},"end":{"line":14,"column":-1}}}},"branchMap":{"0":{"loc":{"start":{"line":14,"column":0},"end":{"line":20,"column":0}},"type":"binary-expr","locations":[{"start":{"line":14,"column":0},"end":{"line":20,"column":0}},{"start":{"line":14,"column":0},"end":{"line":20,"column":0}},{"start":{"line":14,"column":0},"end":{"line":20,"column":0}}]}},"s":{"0":2,"1":2,"2":2,"3":2,"4":2,"5":4,"6":4,"7":4,"8":2,"9":2,"10":2},"f":{"0":6},"b":{"0":[4,4,0]}}
,"/Users/yucong02/self/walli/src/Not.ts": {"path":"/Users/yucong02/self/walli/src/Not.ts","statementMap":{"0":{"start":{"line":7,"column":0},"end":{"line":7,"column":36}},"1":{"start":{"line":8,"column":0},"end":{"line":8,"column":66}},"2":{"start":{"line":9,"column":0},"end":{"line":9,"column":37}},"3":{"start":{"line":10,"column":0},"end":{"line":10,"column":38}},"4":{"start":{"line":11,"column":0},"end":{"line":11,"column":41}},"5":{"start":{"line":22,"column":0},"end":{"line":22,"column":35}},"6":{"start":{"line":22,"column":25},"end":{"line":22,"column":35}},"7":{"start":{"line":23,"column":2},"end":{"line":32,"column":3}},"8":{"start":{"line":24,"column":16},"end":{"line":24,"column":46}},"9":{"start":{"line":25,"column":4},"end":{"line":27,"column":5}},"10":{"start":{"line":26,"column":6},"end":{"line":26,"column":17}},"11":{"start":{"line":29,"column":4},"end":{"line":31,"column":5}},"12":{"start":{"line":33,"column":0},"end":{"line":33,"column":1}},"13":{"start":{"line":22,"column":13},"end":{"line":22,"column":16}},"14":{"start":{"line":35,"column":0},"end":{"line":35,"column":32}}},"fnMap":{"0":{"name":"(anonymous_5)","decl":{"start":{"line":22,"column":0},"end":{"line":null,"column":-1}},"loc":{"start":{"line":22,"column":0},"end":{"line":22,"column":-1}}},"1":{"name":"(anonymous_7)","decl":{"start":{"line":23,"column":2},"end":{"line":23,"column":8}},"loc":{"start":{"line":23,"column":21},"end":{"line":32,"column":3}}}},"branchMap":{"0":{"loc":{"start":{"line":25,"column":4},"end":{"line":27,"column":5}},"type":"if","locations":[{"start":{"line":25,"column":4},"end":{"line":27,"column":5}},{"start":{"line":25,"column":4},"end":{"line":27,"column":5}}]}},"s":{"0":2,"1":2,"2":2,"3":2,"4":2,"5":2,"6":2,"7":2,"8":7,"9":7,"10":3,"11":4,"12":2,"13":2,"14":2},"f":{"0":9,"1":7},"b":{"0":[3,4]}}
,"/Users/yucong02/self/walli/src/Null.ts": {"path":"/Users/yucong02/self/walli/src/Null.ts","statementMap":{"0":{"start":{"line":7,"column":0},"end":{"line":7,"column":37}},"1":{"start":{"line":8,"column":0},"end":{"line":8,"column":30}},"2":{"start":{"line":9,"column":0},"end":{"line":9,"column":48}},"3":{"start":{"line":14,"column":0},"end":{"line":14,"column":40}},"4":{"start":{"line":14,"column":26},"end":{"line":14,"column":40}},"5":{"start":{"line":14,"column":0},"end":{"line":20,"column":0}},"6":{"start":{"line":15,"column":2},"end":{"line":15,"column":15}},"7":{"start":{"line":16,"column":2},"end":{"line":19,"column":3}},"8":{"start":{"line":20,"column":0},"end":{"line":20,"column":1}},"9":{"start":{"line":14,"column":13},"end":{"line":14,"column":17}},"10":{"start":{"line":22,"column":0},"end":{"line":22,"column":34}}},"fnMap":{"0":{"name":"(anonymous_5)","decl":{"start":{"line":14,"column":0},"end":{"line":null,"column":-1}},"loc":{"start":{"line":14,"column":0},"end":{"line":14,"column":-1}}}},"branchMap":{"0":{"loc":{"start":{"line":14,"column":0},"end":{"line":20,"column":0}},"type":"binary-expr","locations":[{"start":{"line":14,"column":0},"end":{"line":20,"column":0}},{"start":{"line":14,"column":0},"end":{"line":20,"column":0}},{"start":{"line":14,"column":0},"end":{"line":20,"column":0}}]}},"s":{"0":2,"1":2,"2":2,"3":2,"4":2,"5":4,"6":4,"7":4,"8":2,"9":2,"10":2},"f":{"0":6},"b":{"0":[4,4,0]}}
,"/Users/yucong02/self/walli/src/Number.ts": {"path":"/Users/yucong02/self/walli/src/Number.ts","statementMap":{"0":{"start":{"line":7,"column":0},"end":{"line":7,"column":37}},"1":{"start":{"line":8,"column":0},"end":{"line":8,"column":48}},"2":{"start":{"line":13,"column":0},"end":{"line":13,"column":42}},"3":{"start":{"line":13,"column":28},"end":{"line":13,"column":42}},"4":{"start":{"line":13,"column":0},"end":{"line":21,"column":0}},"5":{"start":{"line":14,"column":2},"end":{"line":16,"column":3}},"6":{"start":{"line":15,"column":4},"end":{"line":15,"column":22}},"7":{"start":{"line":17,"column":2},"end":{"line":20,"column":3}},"8":{"start":{"line":21,"column":0},"end":{"line":21,"column":1}},"9":{"start":{"line":13,"column":13},"end":{"line":13,"column":19}},"10":{"start":{"line":23,"column":0},"end":{"line":23,"column":38}}},"fnMap":{"0":{"name":"(anonymous_5)","decl":{"start":{"line":13,"column":0},"end":{"line":null,"column":-1}},"loc":{"start":{"line":13,"column":0},"end":{"line":13,"column":-1}}},"1":{"name":"(anonymous_7)","decl":{"start":{"line":14,"column":9},"end":{"line":14,"column":8}},"loc":{"start":{"line":14,"column":12},"end":{"line":16,"column":3}}}},"branchMap":{"0":{"loc":{"start":{"line":13,"column":0},"end":{"line":21,"column":0}},"type":"binary-expr","locations":[{"start":{"line":13,"column":0},"end":{"line":21,"column":0}},{"start":{"line":13,"column":0},"end":{"line":21,"column":0}},{"start":{"line":13,"column":0},"end":{"line":21,"column":0}}]}},"s":{"0":2,"1":2,"2":2,"3":2,"4":9,"5":9,"6":30,"7":9,"8":2,"9":2,"10":2},"f":{"0":11,"1":30},"b":{"0":[9,9,0]}}
,"/Users/yucong02/self/walli/src/Object.ts": {"path":"/Users/yucong02/self/walli/src/Object.ts","statementMap":{"0":{"start":{"line":7,"column":0},"end":{"line":7,"column":36}},"1":{"start":{"line":8,"column":0},"end":{"line":8,"column":64}},"2":{"start":{"line":9,"column":0},"end":{"line":9,"column":46}},"3":{"start":{"line":10,"column":0},"end":{"line":10,"column":52}},"4":{"start":{"line":11,"column":0},"end":{"line":11,"column":41}},"5":{"start":{"line":14,"column":16},"end":{"line":14,"column":29}},"6":{"start":{"line":25,"column":0},"end":{"line":25,"column":39}},"7":{"start":{"line":25,"column":29},"end":{"line":25,"column":39}},"8":{"start":{"line":30,"column":4},"end":{"line":30,"column":15}},"9":{"start":{"line":31,"column":4},"end":{"line":33,"column":5}},"10":{"start":{"line":32,"column":6},"end":{"line":32,"column":43}},"11":{"start":{"line":36,"column":2},"end":{"line":77,"column":3}},"12":{"start":{"line":37,"column":4},"end":{"line":44,"column":5}},"13":{"start":{"line":38,"column":6},"end":{"line":43,"column":7}},"14":{"start":{"line":46,"column":4},"end":{"line":48,"column":5}},"15":{"start":{"line":47,"column":6},"end":{"line":47,"column":17}},"16":{"start":{"line":50,"column":10},"end":{"line":50,"column":40}},"17":{"start":{"line":50,"column":11},"end":{"line":50,"column":18}},"18":{"start":{"line":50,"column":20},"end":{"line":50,"column":27}},"19":{"start":{"line":51,"column":4},"end":{"line":76,"column":5}},"20":{"start":{"line":53,"column":20},"end":{"line":53,"column":32}},"21":{"start":{"line":55,"column":8},"end":{"line":64,"column":9}},"22":{"start":{"line":56,"column":21},"end":{"line":56,"column":45}},"23":{"start":{"line":57,"column":10},"end":{"line":63,"column":11}},"24":{"start":{"line":58,"column":12},"end":{"line":60,"column":14}},"25":{"start":{"line":59,"column":14},"end":{"line":59,"column":54}},"26":{"start":{"line":61,"column":12},"end":{"line":61,"column":32}},"27":{"start":{"line":62,"column":12},"end":{"line":62,"column":21}},"28":{"start":{"line":66,"column":19},"end":{"line":66,"column":43}},"29":{"start":{"line":67,"column":8},"end":{"line":73,"column":9}},"30":{"start":{"line":68,"column":10},"end":{"line":70,"column":12}},"31":{"start":{"line":69,"column":12},"end":{"line":69,"column":54}},"32":{"start":{"line":71,"column":10},"end":{"line":71,"column":30}},"33":{"start":{"line":72,"column":10},"end":{"line":72,"column":19}},"34":{"start":{"line":74,"column":8},"end":{"line":74,"column":37}},"35":{"start":{"line":78,"column":0},"end":{"line":78,"column":1}},"36":{"start":{"line":25,"column":13},"end":{"line":25,"column":20}},"37":{"start":{"line":80,"column":0},"end":{"line":80,"column":40}}},"fnMap":{"0":{"name":"(anonymous_5)","decl":{"start":{"line":25,"column":0},"end":{"line":null,"column":-1}},"loc":{"start":{"line":25,"column":0},"end":{"line":25,"column":-1}}},"1":{"name":"Object_","decl":{"start":{"line":29,"column":2},"end":{"line":29,"column":13}},"loc":{"start":{"line":29,"column":36},"end":{"line":34,"column":3}}},"2":{"name":"(anonymous_7)","decl":{"start":{"line":36,"column":2},"end":{"line":36,"column":8}},"loc":{"start":{"line":36,"column":21},"end":{"line":77,"column":3}}},"3":{"name":"(anonymous_8)","decl":{"start":{"line":52,"column":32},"end":{"line":52,"column":31}},"loc":{"start":{"line":52,"column":35},"end":{"line":75,"column":7}}},"4":{"name":"(anonymous_9)","decl":{"start":{"line":58,"column":27},"end":{"line":58,"column":36}},"loc":{"start":{"line":58,"column":43},"end":{"line":60,"column":13}}},"5":{"name":"(anonymous_10)","decl":{"start":{"line":68,"column":25},"end":{"line":68,"column":34}},"loc":{"start":{"line":68,"column":41},"end":{"line":70,"column":11}}}},"branchMap":{"0":{"loc":{"start":{"line":30,"column":4},"end":{"line":30,"column":15}},"type":"binary-expr","locations":[{"start":{"line":30,"column":4},"end":{"line":30,"column":15}},{"start":{"line":30,"column":15},"end":{"line":34,"column":2}}]},"1":{"loc":{"start":{"line":31,"column":4},"end":{"line":33,"column":5}},"type":"if","locations":[{"start":{"line":31,"column":4},"end":{"line":33,"column":5}},{"start":{"line":31,"column":4},"end":{"line":33,"column":5}}]},"2":{"loc":{"start":{"line":37,"column":4},"end":{"line":44,"column":5}},"type":"if","locations":[{"start":{"line":37,"column":4},"end":{"line":44,"column":5}},{"start":{"line":37,"column":4},"end":{"line":44,"column":5}}]},"3":{"loc":{"start":{"line":37,"column":8},"end":{"line":37,"column":24}},"type":"binary-expr","locations":[{"start":{"line":37,"column":8},"end":{"line":37,"column":24}},{"start":{"line":37,"column":28},"end":{"line":37,"column":55}}]},"4":{"loc":{"start":{"line":46,"column":4},"end":{"line":48,"column":5}},"type":"if","locations":[{"start":{"line":46,"column":4},"end":{"line":48,"column":5}},{"start":{"line":46,"column":4},"end":{"line":48,"column":5}}]},"5":{"loc":{"start":{"line":46,"column":8},"end":{"line":46,"column":18}},"type":"binary-expr","locations":[{"start":{"line":46,"column":8},"end":{"line":46,"column":18}},{"start":{"line":46,"column":22},"end":{"line":46,"column":39}}]},"6":{"loc":{"start":{"line":55,"column":8},"end":{"line":64,"column":9}},"type":"if","locations":[{"start":{"line":55,"column":8},"end":{"line":64,"column":9}},{"start":{"line":55,"column":8},"end":{"line":64,"column":9}}]},"7":{"loc":{"start":{"line":57,"column":10},"end":{"line":63,"column":11}},"type":"if","locations":[{"start":{"line":57,"column":10},"end":{"line":63,"column":11}},{"start":{"line":57,"column":10},"end":{"line":63,"column":11}}]},"8":{"loc":{"start":{"line":67,"column":8},"end":{"line":73,"column":9}},"type":"if","locations":[{"start":{"line":67,"column":8},"end":{"line":73,"column":9}},{"start":{"line":67,"column":8},"end":{"line":73,"column":9}}]}},"s":{"0":2,"1":2,"2":2,"3":2,"4":2,"5":2,"6":2,"7":2,"8":7,"9":7,"10":4,"11":2,"12":9,"13":1,"14":8,"15":2,"16":6,"17":6,"18":6,"19":6,"20":16,"21":16,"22":16,"23":16,"24":12,"25":12,"26":12,"27":12,"28":4,"29":4,"30":2,"31":2,"32":2,"33":2,"34":2,"35":2,"36":2,"37":2},"f":{"0":2,"1":7,"2":9,"3":16,"4":12,"5":2},"b":{"0":[7,0],"1":[4,3],"2":[1,8],"3":[9,9],"4":[2,6],"5":[8,6],"6":[16,0],"7":[12,4],"8":[2,2]}}
,"/Users/yucong02/self/walli/src/OneOf.ts": {"path":"/Users/yucong02/self/walli/src/OneOf.ts","statementMap":{"0":{"start":{"line":7,"column":0},"end":{"line":7,"column":36}},"1":{"start":{"line":10,"column":0},"end":{"line":10,"column":47}},"2":{"start":{"line":11,"column":0},"end":{"line":11,"column":41}},"3":{"start":{"line":12,"column":0},"end":{"line":12,"column":43}},"4":{"start":{"line":18,"column":0},"end":{"line":18,"column":37}},"5":{"start":{"line":18,"column":27},"end":{"line":18,"column":37}},"6":{"start":{"line":24,"column":2},"end":{"line":37,"column":3}},"7":{"start":{"line":26,"column":15},"end":{"line":30,"column":6}},"8":{"start":{"line":27,"column":6},"end":{"line":27,"column":22}},"9":{"start":{"line":28,"column":6},"end":{"line":28,"column":39}},"10":{"start":{"line":29,"column":6},"end":{"line":29,"column":21}},"11":{"start":{"line":32,"column":4},"end":{"line":34,"column":5}},"12":{"start":{"line":33,"column":6},"end":{"line":33,"column":17}},"13":{"start":{"line":36,"column":4},"end":{"line":36,"column":43}},"14":{"start":{"line":38,"column":0},"end":{"line":38,"column":1}},"15":{"start":{"line":18,"column":13},"end":{"line":18,"column":18}},"16":{"start":{"line":40,"column":0},"end":{"line":40,"column":43}}},"fnMap":{"0":{"name":"(anonymous_5)","decl":{"start":{"line":18,"column":0},"end":{"line":null,"column":-1}},"loc":{"start":{"line":18,"column":0},"end":{"line":18,"column":-1}}},"1":{"name":"OneOf","decl":{"start":{"line":20,"column":2},"end":{"line":20,"column":13}},"loc":{"start":{"line":20,"column":26},"end":{"line":22,"column":3}}},"2":{"name":"(anonymous_7)","decl":{"start":{"line":24,"column":2},"end":{"line":24,"column":8}},"loc":{"start":{"line":24,"column":21},"end":{"line":37,"column":3}}},"3":{"name":"(anonymous_8)","decl":{"start":{"line":26,"column":30},"end":{"line":26,"column":30}},"loc":{"start":{"line":26,"column":38},"end":{"line":30,"column":5}}}},"branchMap":{"0":{"loc":{"start":{"line":21,"column":4},"end":{"line":21,"column":16}},"type":"binary-expr","locations":[{"start":{"line":21,"column":4},"end":{"line":21,"column":16}},{"start":{"line":21,"column":16},"end":{"line":null,"column":-1}}]},"1":{"loc":{"start":{"line":32,"column":4},"end":{"line":34,"column":5}},"type":"if","locations":[{"start":{"line":32,"column":4},"end":{"line":34,"column":5}},{"start":{"line":32,"column":4},"end":{"line":34,"column":5}}]}},"s":{"0":2,"1":2,"2":2,"3":2,"4":2,"5":2,"6":2,"7":9,"8":23,"9":23,"10":23,"11":9,"12":6,"13":3,"14":2,"15":2,"16":2},"f":{"0":2,"1":14,"2":9,"3":23},"b":{"0":[14,0],"1":[6,3]}}
,"/Users/yucong02/self/walli/src/Some.ts": {"path":"/Users/yucong02/self/walli/src/Some.ts","statementMap":{"0":{"start":{"line":7,"column":0},"end":{"line":7,"column":36}},"1":{"start":{"line":8,"column":0},"end":{"line":8,"column":46}},"2":{"start":{"line":9,"column":0},"end":{"line":9,"column":46}},"3":{"start":{"line":21,"column":0},"end":{"line":21,"column":36}},"4":{"start":{"line":21,"column":26},"end":{"line":21,"column":36}},"5":{"start":{"line":24,"column":2},"end":{"line":26,"column":3}},"6":{"start":{"line":25,"column":4},"end":{"line":25,"column":53}},"7":{"start":{"line":27,"column":0},"end":{"line":27,"column":1}},"8":{"start":{"line":21,"column":13},"end":{"line":21,"column":17}},"9":{"start":{"line":29,"column":0},"end":{"line":29,"column":41}}},"fnMap":{"0":{"name":"(anonymous_5)","decl":{"start":{"line":21,"column":0},"end":{"line":null,"column":-1}},"loc":{"start":{"line":21,"column":0},"end":{"line":21,"column":-1}}},"1":{"name":"(anonymous_7)","decl":{"start":{"line":24,"column":2},"end":{"line":24,"column":8}},"loc":{"start":{"line":24,"column":21},"end":{"line":26,"column":3}}}},"branchMap":{},"s":{"0":2,"1":2,"2":2,"3":2,"4":2,"5":2,"6":5,"7":2,"8":2,"9":2},"f":{"0":4,"1":5},"b":{}}
,"/Users/yucong02/self/walli/src/StrictNumber.ts": {"path":"/Users/yucong02/self/walli/src/StrictNumber.ts","statementMap":{"0":{"start":{"line":7,"column":0},"end":{"line":7,"column":37}},"1":{"start":{"line":8,"column":0},"end":{"line":8,"column":32}},"2":{"start":{"line":9,"column":0},"end":{"line":9,"column":48}},"3":{"start":{"line":19,"column":0},"end":{"line":19,"column":48}},"4":{"start":{"line":19,"column":34},"end":{"line":19,"column":48}},"5":{"start":{"line":19,"column":0},"end":{"line":25,"column":0}},"6":{"start":{"line":20,"column":2},"end":{"line":20,"column":17}},"7":{"start":{"line":21,"column":2},"end":{"line":24,"column":3}},"8":{"start":{"line":25,"column":0},"end":{"line":25,"column":1}},"9":{"start":{"line":19,"column":13},"end":{"line":19,"column":25}},"10":{"start":{"line":27,"column":0},"end":{"line":27,"column":50}}},"fnMap":{"0":{"name":"(anonymous_5)","decl":{"start":{"line":19,"column":0},"end":{"line":null,"column":-1}},"loc":{"start":{"line":19,"column":0},"end":{"line":19,"column":-1}}}},"branchMap":{"0":{"loc":{"start":{"line":19,"column":0},"end":{"line":25,"column":0}},"type":"binary-expr","locations":[{"start":{"line":19,"column":0},"end":{"line":25,"column":0}},{"start":{"line":19,"column":0},"end":{"line":25,"column":0}},{"start":{"line":19,"column":0},"end":{"line":25,"column":0}}]}},"s":{"0":1,"1":1,"2":1,"3":1,"4":1,"5":0,"6":0,"7":0,"8":1,"9":1,"10":1},"f":{"0":1},"b":{"0":[0,0,0]}}
,"/Users/yucong02/self/walli/src/String.ts": {"path":"/Users/yucong02/self/walli/src/String.ts","statementMap":{"0":{"start":{"line":7,"column":0},"end":{"line":7,"column":37}},"1":{"start":{"line":8,"column":0},"end":{"line":8,"column":32}},"2":{"start":{"line":9,"column":0},"end":{"line":9,"column":48}},"3":{"start":{"line":14,"column":0},"end":{"line":14,"column":42}},"4":{"start":{"line":14,"column":28},"end":{"line":14,"column":42}},"5":{"start":{"line":14,"column":0},"end":{"line":20,"column":0}},"6":{"start":{"line":15,"column":2},"end":{"line":15,"column":17}},"7":{"start":{"line":16,"column":2},"end":{"line":19,"column":3}},"8":{"start":{"line":20,"column":0},"end":{"line":20,"column":1}},"9":{"start":{"line":14,"column":13},"end":{"line":14,"column":19}},"10":{"start":{"line":22,"column":0},"end":{"line":22,"column":38}}},"fnMap":{"0":{"name":"(anonymous_5)","decl":{"start":{"line":14,"column":0},"end":{"line":null,"column":-1}},"loc":{"start":{"line":14,"column":0},"end":{"line":14,"column":-1}}}},"branchMap":{"0":{"loc":{"start":{"line":14,"column":0},"end":{"line":20,"column":0}},"type":"binary-expr","locations":[{"start":{"line":14,"column":0},"end":{"line":20,"column":0}},{"start":{"line":14,"column":0},"end":{"line":20,"column":0}},{"start":{"line":14,"column":0},"end":{"line":20,"column":0}}]}},"s":{"0":2,"1":2,"2":2,"3":2,"4":2,"5":30,"6":30,"7":30,"8":2,"9":2,"10":2},"f":{"0":32},"b":{"0":[30,30,0]}}
,"/Users/yucong02/self/walli/src/TypeVerifiable.ts": {"path":"/Users/yucong02/self/walli/src/TypeVerifiable.ts","statementMap":{"0":{"start":{"line":7,"column":0},"end":{"line":7,"column":36}},"1":{"start":{"line":9,"column":0},"end":{"line":9,"column":52}},"2":{"start":{"line":10,"column":0},"end":{"line":10,"column":51}},"3":{"start":{"line":12,"column":0},"end":{"line":12,"column":46}},"4":{"start":{"line":12,"column":36},"end":{"line":12,"column":46}},"5":{"start":{"line":19,"column":2},"end":{"line":28,"column":3}},"6":{"start":{"line":20,"column":4},"end":{"line":22,"column":5}},"7":{"start":{"line":21,"column":6},"end":{"line":21,"column":17}},"8":{"start":{"line":24,"column":4},"end":{"line":27,"column":5}},"9":{"start":{"line":30,"column":2},"end":{"line":32,"column":3}},"10":{"start":{"line":31,"column":4},"end":{"line":31,"column":13}},"11":{"start":{"line":33,"column":0},"end":{"line":33,"column":1}},"12":{"start":{"line":12,"column":13},"end":{"line":12,"column":27}},"13":{"start":{"line":35,"column":0},"end":{"line":35,"column":38}}},"fnMap":{"0":{"name":"(anonymous_5)","decl":{"start":{"line":12,"column":0},"end":{"line":null,"column":-1}},"loc":{"start":{"line":12,"column":0},"end":{"line":12,"column":-1}}},"1":{"name":"(anonymous_7)","decl":{"start":{"line":19,"column":2},"end":{"line":19,"column":8}},"loc":{"start":{"line":19,"column":21},"end":{"line":28,"column":3}}},"2":{"name":"(anonymous_8)","decl":{"start":{"line":30,"column":2},"end":{"line":null,"column":-1}},"loc":{"start":{"line":30,"column":2},"end":{"line":32,"column":3}}}},"branchMap":{"0":{"loc":{"start":{"line":20,"column":4},"end":{"line":22,"column":5}},"type":"if","locations":[{"start":{"line":20,"column":4},"end":{"line":22,"column":5}},{"start":{"line":20,"column":4},"end":{"line":22,"column":5}}]}},"s":{"0":2,"1":2,"2":2,"3":2,"4":2,"5":2,"6":99,"7":62,"8":37,"9":2,"10":3,"11":2,"12":2,"13":2},"f":{"0":61,"1":99,"2":3},"b":{"0":[62,37]}}
,"/Users/yucong02/self/walli/src/Undefined.ts": {"path":"/Users/yucong02/self/walli/src/Undefined.ts","statementMap":{"0":{"start":{"line":7,"column":0},"end":{"line":7,"column":37}},"1":{"start":{"line":8,"column":0},"end":{"line":8,"column":35}},"2":{"start":{"line":9,"column":0},"end":{"line":9,"column":48}},"3":{"start":{"line":14,"column":0},"end":{"line":14,"column":45}},"4":{"start":{"line":14,"column":31},"end":{"line":14,"column":45}},"5":{"start":{"line":14,"column":0},"end":{"line":20,"column":0}},"6":{"start":{"line":15,"column":2},"end":{"line":15,"column":20}},"7":{"start":{"line":16,"column":2},"end":{"line":19,"column":3}},"8":{"start":{"line":20,"column":0},"end":{"line":20,"column":1}},"9":{"start":{"line":14,"column":13},"end":{"line":14,"column":22}},"10":{"start":{"line":22,"column":0},"end":{"line":22,"column":44}}},"fnMap":{"0":{"name":"(anonymous_5)","decl":{"start":{"line":14,"column":0},"end":{"line":null,"column":-1}},"loc":{"start":{"line":14,"column":0},"end":{"line":14,"column":-1}}}},"branchMap":{"0":{"loc":{"start":{"line":14,"column":0},"end":{"line":20,"column":0}},"type":"binary-expr","locations":[{"start":{"line":14,"column":0},"end":{"line":20,"column":0}},{"start":{"line":14,"column":0},"end":{"line":20,"column":0}},{"start":{"line":14,"column":0},"end":{"line":20,"column":0}}]}},"s":{"0":2,"1":2,"2":2,"3":2,"4":2,"5":4,"6":4,"7":4,"8":2,"9":2,"10":2},"f":{"0":6},"b":{"0":[4,4,0]}}
,"/Users/yucong02/self/walli/src/Unlawful.ts": {"path":"/Users/yucong02/self/walli/src/Unlawful.ts","statementMap":{"0":{"start":{"line":7,"column":0},"end":{"line":7,"column":37}},"1":{"start":{"line":8,"column":0},"end":{"line":8,"column":36}},"2":{"start":{"line":9,"column":0},"end":{"line":9,"column":41}},"3":{"start":{"line":11,"column":0},"end":{"line":11,"column":46}},"4":{"start":{"line":11,"column":38},"end":{"line":11,"column":46}},"5":{"start":{"line":14,"column":0},"end":{"line":14,"column":1}},"6":{"start":{"line":11,"column":13},"end":{"line":11,"column":29}},"7":{"start":{"line":16,"column":0},"end":{"line":16,"column":38}},"8":{"start":{"line":16,"column":28},"end":{"line":16,"column":38}},"9":{"start":{"line":18,"column":4},"end":{"line":18,"column":11}},"10":{"start":{"line":17,"column":21},"end":{"line":17,"column":33}},"11":{"start":{"line":17,"column":42},"end":{"line":17,"column":54}},"12":{"start":{"line":23,"column":9},"end":{"line":23,"column":28}},"13":{"start":{"line":28,"column":9},"end":{"line":28,"column":28}},"14":{"start":{"line":19,"column":4},"end":{"line":19,"column":24}},"15":{"start":{"line":20,"column":4},"end":{"line":20,"column":24}},"16":{"start":{"line":24,"column":9},"end":{"line":27,"column":3}},"17":{"start":{"line":25,"column":4},"end":{"line":25,"column":24}},"18":{"start":{"line":26,"column":4},"end":{"line":26,"column":15}},"19":{"start":{"line":29,"column":9},"end":{"line":32,"column":3}},"20":{"start":{"line":30,"column":4},"end":{"line":30,"column":24}},"21":{"start":{"line":31,"column":4},"end":{"line":31,"column":15}},"22":{"start":{"line":34,"column":12},"end":{"line":36,"column":3}},"23":{"start":{"line":35,"column":4},"end":{"line":35,"column":13}},"24":{"start":{"line":38,"column":9},"end":{"line":40,"column":3}},"25":{"start":{"line":39,"column":4},"end":{"line":39,"column":60}},"26":{"start":{"line":43,"column":9},"end":{"line":45,"column":3}},"27":{"start":{"line":44,"column":4},"end":{"line":44,"column":59}},"28":{"start":{"line":46,"column":0},"end":{"line":46,"column":1}},"29":{"start":{"line":16,"column":13},"end":{"line":16,"column":19}},"30":{"start":{"line":49,"column":2},"end":{"line":63,"column":3}},"31":{"start":{"line":50,"column":4},"end":{"line":52,"column":5}},"32":{"start":{"line":51,"column":6},"end":{"line":51,"column":21}},"33":{"start":{"line":54,"column":4},"end":{"line":62,"column":5}},"34":{"start":{"line":59,"column":20},"end":{"line":59,"column":31}},"35":{"start":{"line":64,"column":2},"end":{"line":64,"column":11}},"36":{"start":{"line":67,"column":0},"end":{"line":89,"column":0}},"37":{"start":{"line":69,"column":49},"end":{"line":69,"column":65}},"38":{"start":{"line":70,"column":4},"end":{"line":70,"column":35}},"39":{"start":{"line":71,"column":4},"end":{"line":71,"column":28}},"40":{"start":{"line":73,"column":9},"end":{"line":75,"column":3}},"41":{"start":{"line":73,"column":21},"end":{"line":73,"column":28}},"42":{"start":{"line":73,"column":21},"end":{"line":73,"column":29}},"43":{"start":{"line":74,"column":4},"end":{"line":74,"column":32}},"44":{"start":{"line":77,"column":2},"end":{"line":88,"column":3}},"45":{"start":{"line":78,"column":17},"end":{"line":78,"column":42}},"46":{"start":{"line":79,"column":4},"end":{"line":79,"column":44}},"47":{"start":{"line":81,"column":18},"end":{"line":83,"column":5}},"48":{"start":{"line":82,"column":6},"end":{"line":82,"column":17}},"49":{"start":{"line":85,"column":4},"end":{"line":87,"column":7}},"50":{"start":{"line":85,"column":58},"end":{"line":85,"column":75}},"51":{"start":{"line":89,"column":0},"end":{"line":89,"column":1}},"52":{"start":{"line":67,"column":13},"end":{"line":67,"column":25}},"53":{"start":{"line":91,"column":0},"end":{"line":135,"column":0}},"54":{"start":{"line":93,"column":14},"end":{"line":93,"column":31}},"55":{"start":{"line":92,"column":9},"end":{"line":92,"column":34}},"56":{"start":{"line":94,"column":4},"end":{"line":94,"column":23}},"57":{"start":{"line":96,"column":2},"end":{"line":98,"column":3}},"58":{"start":{"line":97,"column":4},"end":{"line":97,"column":27}},"59":{"start":{"line":99,"column":2},"end":{"line":101,"column":3}},"60":{"start":{"line":100,"column":4},"end":{"line":100,"column":23}},"61":{"start":{"line":102,"column":2},"end":{"line":113,"column":3}},"62":{"start":{"line":102,"column":7},"end":{"line":102,"column":21}},"63":{"start":{"line":102,"column":7},"end":{"line":102,"column":22}},"64":{"start":{"line":103,"column":17},"end":{"line":103,"column":19}},"65":{"start":{"line":104,"column":4},"end":{"line":110,"column":6}},"66":{"start":{"line":105,"column":6},"end":{"line":109,"column":7}},"67":{"start":{"line":106,"column":8},"end":{"line":106,"column":23}},"68":{"start":{"line":107,"column":13},"end":{"line":109,"column":7}},"69":{"start":{"line":108,"column":8},"end":{"line":108,"column":31}},"70":{"start":{"line":112,"column":4},"end":{"line":112,"column":34}},"71":{"start":{"line":114,"column":2},"end":{"line":116,"column":3}},"72":{"start":{"line":115,"column":4},"end":{"line":115,"column":28}},"73":{"start":{"line":117,"column":2},"end":{"line":119,"column":3}},"74":{"start":{"line":117,"column":13},"end":{"line":117,"column":29}},"75":{"start":{"line":118,"column":4},"end":{"line":118,"column":67}},"76":{"start":{"line":118,"column":34},"end":{"line":118,"column":50}},"77":{"start":{"line":121,"column":2},"end":{"line":127,"column":3}},"78":{"start":{"line":121,"column":15},"end":{"line":121,"column":22}},"79":{"start":{"line":121,"column":15},"end":{"line":121,"column":23}},"80":{"start":{"line":122,"column":4},"end":{"line":125,"column":6}},"81":{"start":{"line":123,"column":6},"end":{"line":123,"column":32}},"82":{"start":{"line":124,"column":6},"end":{"line":124,"column":17}},"83":{"start":{"line":126,"column":4},"end":{"line":126,"column":15}},"84":{"start":{"line":129,"column":2},"end":{"line":134,"column":3}},"85":{"start":{"line":130,"column":4},"end":{"line":132,"column":6}},"86":{"start":{"line":131,"column":6},"end":{"line":131,"column":30}},"87":{"start":{"line":133,"column":4},"end":{"line":133,"column":15}},"88":{"start":{"line":135,"column":0},"end":{"line":135,"column":1}},"89":{"start":{"line":91,"column":13},"end":{"line":91,"column":29}}},"fnMap":{"0":{"name":"(anonymous_5)","decl":{"start":{"line":11,"column":0},"end":{"line":null,"column":-1}},"loc":{"start":{"line":11,"column":0},"end":{"line":11,"column":-1}}},"1":{"name":"(anonymous_7)","decl":{"start":{"line":16,"column":0},"end":{"line":null,"column":-1}},"loc":{"start":{"line":16,"column":0},"end":{"line":16,"column":-1}}},"2":{"name":"Reason","decl":{"start":{"line":17,"column":2},"end":{"line":17,"column":20}},"loc":{"start":{"line":17,"column":54},"end":{"line":21,"column":3}}},"3":{"name":"(anonymous_9)","decl":{"start":{"line":24,"column":2},"end":{"line":24,"column":18}},"loc":{"start":{"line":24,"column":33},"end":{"line":27,"column":3}}},"4":{"name":"(anonymous_10)","decl":{"start":{"line":29,"column":2},"end":{"line":29,"column":18}},"loc":{"start":{"line":29,"column":33},"end":{"line":32,"column":3}}},"5":{"name":"(anonymous_11)","decl":{"start":{"line":34,"column":2},"end":{"line":null,"column":-1}},"loc":{"start":{"line":34,"column":2},"end":{"line":36,"column":3}}},"6":{"name":"(anonymous_12)","decl":{"start":{"line":38,"column":2},"end":{"line":null,"column":-1}},"loc":{"start":{"line":38,"column":2},"end":{"line":40,"column":3}}},"7":{"name":"(anonymous_13)","decl":{"start":{"line":43,"column":2},"end":{"line":null,"column":-1}},"loc":{"start":{"line":43,"column":2},"end":{"line":45,"column":3}}},"8":{"name":"pathsToString","decl":{"start":{"line":48,"column":0},"end":{"line":48,"column":22}},"loc":{"start":{"line":48,"column":38},"end":{"line":65,"column":1}}},"9":{"name":"(anonymous_15)","decl":{"start":{"line":59,"column":13},"end":{"line":59,"column":12}},"loc":{"start":{"line":59,"column":16},"end":{"line":59,"column":31}}},"10":{"name":"(anonymous_16)","decl":{"start":{"line":67,"column":0},"end":{"line":null,"column":-1}},"loc":{"start":{"line":67,"column":0},"end":{"line":67,"column":-1}}},"11":{"name":"Unlawfulness","decl":{"start":{"line":69,"column":2},"end":{"line":69,"column":13}},"loc":{"start":{"line":69,"column":65},"end":{"line":72,"column":3}}},"12":{"name":"(anonymous_18)","decl":{"start":{"line":73,"column":2},"end":{"line":null,"column":-1}},"loc":{"start":{"line":73,"column":2},"end":{"line":75,"column":3}}},"13":{"name":"(anonymous_19)","decl":{"start":{"line":77,"column":2},"end":{"line":null,"column":-1}},"loc":{"start":{"line":77,"column":2},"end":{"line":88,"column":3}}},"14":{"name":"(anonymous_20)","decl":{"start":{"line":81,"column":18},"end":{"line":81,"column":27}},"loc":{"start":{"line":81,"column":42},"end":{"line":83,"column":5}}},"15":{"name":"(anonymous_21)","decl":{"start":{"line":85,"column":48},"end":{"line":85,"column":47}},"loc":{"start":{"line":85,"column":54},"end":{"line":85,"column":75}}},"16":{"name":"(anonymous_22)","decl":{"start":{"line":91,"column":0},"end":{"line":null,"column":-1}},"loc":{"start":{"line":91,"column":0},"end":{"line":91,"column":-1}}},"17":{"name":"UnlawfulnessList","decl":{"start":{"line":93,"column":2},"end":{"line":93,"column":13}},"loc":{"start":{"line":93,"column":31},"end":{"line":95,"column":3}}},"18":{"name":"(anonymous_24)","decl":{"start":{"line":96,"column":2},"end":{"line":null,"column":-1}},"loc":{"start":{"line":96,"column":2},"end":{"line":98,"column":3}}},"19":{"name":"(anonymous_25)","decl":{"start":{"line":99,"column":2},"end":{"line":null,"column":-1}},"loc":{"start":{"line":99,"column":2},"end":{"line":101,"column":3}}},"20":{"name":"(anonymous_26)","decl":{"start":{"line":102,"column":2},"end":{"line":null,"column":-1}},"loc":{"start":{"line":102,"column":2},"end":{"line":113,"column":3}}},"21":{"name":"(anonymous_27)","decl":{"start":{"line":104,"column":18},"end":{"line":104,"column":17}},"loc":{"start":{"line":104,"column":22},"end":{"line":110,"column":5}}},"22":{"name":"(anonymous_28)","decl":{"start":{"line":114,"column":2},"end":{"line":null,"column":-1}},"loc":{"start":{"line":114,"column":2},"end":{"line":116,"column":3}}},"23":{"name":"(anonymous_29)","decl":{"start":{"line":117,"column":2},"end":{"line":117,"column":10}},"loc":{"start":{"line":117,"column":36},"end":{"line":119,"column":3}}},"24":{"name":"(anonymous_30)","decl":{"start":{"line":118,"column":25},"end":{"line":118,"column":24}},"loc":{"start":{"line":118,"column":30},"end":{"line":118,"column":50}}},"25":{"name":"(anonymous_31)","decl":{"start":{"line":121,"column":2},"end":{"line":null,"column":-1}},"loc":{"start":{"line":121,"column":2},"end":{"line":127,"column":3}}},"26":{"name":"(anonymous_32)","decl":{"start":{"line":122,"column":22},"end":{"line":122,"column":21}},"loc":{"start":{"line":122,"column":26},"end":{"line":125,"column":5}}},"27":{"name":"(anonymous_33)","decl":{"start":{"line":129,"column":2},"end":{"line":129,"column":13}},"loc":{"start":{"line":129,"column":71},"end":{"line":134,"column":3}}},"28":{"name":"(anonymous_34)","decl":{"start":{"line":130,"column":22},"end":{"line":130,"column":21}},"loc":{"start":{"line":130,"column":26},"end":{"line":132,"column":5}}}},"branchMap":{"0":{"loc":{"start":{"line":18,"column":4},"end":{"line":18,"column":11}},"type":"binary-expr","locations":[{"start":{"line":18,"column":4},"end":{"line":18,"column":11}},{"start":{"line":18,"column":11},"end":{"line":21,"column":2}}]},"1":{"loc":{"start":{"line":44,"column":32},"end":{"line":44,"column":48}},"type":"cond-expr","locations":[{"start":{"line":44,"column":32},"end":{"line":44,"column":48}},{"start":{"line":44,"column":51},"end":{"line":44,"column":59}}]},"2":{"loc":{"start":{"line":49,"column":2},"end":{"line":63,"column":3}},"type":"if","locations":[{"start":{"line":49,"column":2},"end":{"line":63,"column":3}},{"start":{"line":49,"column":2},"end":{"line":63,"column":3}}]},"3":{"loc":{"start":{"line":49,"column":6},"end":{"line":49,"column":11}},"type":"binary-expr","locations":[{"start":{"line":49,"column":6},"end":{"line":49,"column":11}},{"start":{"line":49,"column":15},"end":{"line":49,"column":27}}]},"4":{"loc":{"start":{"line":50,"column":4},"end":{"line":52,"column":5}},"type":"if","locations":[{"start":{"line":50,"column":4},"end":{"line":52,"column":5}},{"start":{"line":50,"column":4},"end":{"line":52,"column":5}}]},"5":{"loc":{"start":{"line":71,"column":17},"end":{"line":71,"column":22}},"type":"binary-expr","locations":[{"start":{"line":71,"column":17},"end":{"line":71,"column":22}},{"start":{"line":71,"column":26},"end":{"line":71,"column":28}}]},"6":{"loc":{"start":{"line":79,"column":22},"end":{"line":79,"column":35}},"type":"cond-expr","locations":[{"start":{"line":79,"column":22},"end":{"line":79,"column":35}},{"start":{"line":79,"column":38},"end":{"line":79,"column":44}}]},"7":{"loc":{"start":{"line":93,"column":14},"end":{"line":93,"column":31}},"type":"if","locations":[{"start":{"line":93,"column":14},"end":{"line":93,"column":31}},{"start":{"line":93,"column":14},"end":{"line":93,"column":31}}]},"8":{"loc":{"start":{"line":105,"column":6},"end":{"line":109,"column":7}},"type":"if","locations":[{"start":{"line":105,"column":6},"end":{"line":109,"column":7}},{"start":{"line":105,"column":6},"end":{"line":109,"column":7}}]},"9":{"loc":{"start":{"line":107,"column":13},"end":{"line":109,"column":7}},"type":"if","locations":[{"start":{"line":107,"column":13},"end":{"line":109,"column":7}},{"start":{"line":107,"column":13},"end":{"line":109,"column":7}}]},"10":{"loc":{"start":{"line":117,"column":13},"end":{"line":117,"column":28}},"type":"cond-expr","locations":[{"start":{"line":117,"column":13},"end":{"line":117,"column":28}},{"start":{"line":117,"column":13},"end":{"line":117,"column":28}}]},"11":{"loc":{"start":{"line":117,"column":13},"end":{"line":117,"column":28}},"type":"cond-expr","locations":[{"start":{"line":117,"column":13},"end":{"line":117,"column":28}},{"start":{"line":117,"column":13},"end":{"line":117,"column":29}}]}},"s":{"0":2,"1":2,"2":2,"3":2,"4":2,"5":2,"6":2,"7":2,"8":2,"9":80,"10":80,"11":80,"12":80,"13":80,"14":80,"15":80,"16":2,"17":14,"18":14,"19":2,"20":0,"21":0,"22":2,"23":0,"24":2,"25":27,"26":2,"27":28,"28":2,"29":2,"30":28,"31":22,"32":7,"33":15,"34":16,"35":6,"36":2,"37":80,"38":80,"39":80,"40":2,"41":42,"42":42,"43":42,"44":2,"45":28,"46":28,"47":28,"48":28,"49":28,"50":28,"51":2,"52":2,"53":2,"54":376,"55":246,"56":246,"57":2,"58":0,"59":2,"60":0,"61":2,"62":257,"63":123,"64":257,"65":257,"66":123,"67":80,"68":43,"69":43,"70":257,"71":2,"72":220,"73":2,"74":36,"75":18,"76":28,"77":2,"78":33,"79":33,"80":33,"81":42,"82":42,"83":33,"84":2,"85":14,"86":14,"87":14,"88":2,"89":2},"f":{"0":2,"1":2,"2":80,"3":14,"4":0,"5":0,"6":27,"7":28,"8":28,"9":16,"10":2,"11":80,"12":42,"13":28,"14":28,"15":28,"16":2,"17":246,"18":0,"19":0,"20":257,"21":123,"22":220,"23":18,"24":28,"25":33,"26":42,"27":14,"28":14},"b":{"0":[80,80],"1":[27,1],"2":[22,6],"3":[28,28],"4":[7,15],"5":[80,80],"6":[22,6],"7":[130,116],"8":[80,43],"9":[43,0],"10":[18,0],"11":[18,0]}}
,"/Users/yucong02/self/walli/src/Verifiable.ts": {"path":"/Users/yucong02/self/walli/src/Verifiable.ts","statementMap":{"0":{"start":{"line":7,"column":0},"end":{"line":12,"column":18}},"1":{"start":{"line":13,"column":0},"end":{"line":13,"column":38}},"2":{"start":{"line":14,"column":0},"end":{"line":22,"column":14}},"3":{"start":{"line":23,"column":0},"end":{"line":23,"column":41}},"4":{"start":{"line":24,"column":0},"end":{"line":24,"column":66}},"5":{"start":{"line":34,"column":0},"end":{"line":34,"column":50}},"6":{"start":{"line":34,"column":40},"end":{"line":34,"column":50}},"7":{"start":{"line":35,"column":40},"end":{"line":35,"column":57}},"8":{"start":{"line":36,"column":4},"end":{"line":36,"column":11}},"9":{"start":{"line":35,"column":21},"end":{"line":35,"column":31}},"10":{"start":{"line":91,"column":9},"end":{"line":91,"column":35}},"11":{"start":{"line":37,"column":4},"end":{"line":37,"column":20}},"12":{"start":{"line":38,"column":4},"end":{"line":38,"column":26}},"13":{"start":{"line":51,"column":2},"end":{"line":58,"column":3}},"14":{"start":{"line":52,"column":4},"end":{"line":56,"column":5}},"15":{"start":{"line":53,"column":6},"end":{"line":53,"column":21}},"16":{"start":{"line":55,"column":6},"end":{"line":55,"column":32}},"17":{"start":{"line":57,"column":4},"end":{"line":57,"column":15}},"18":{"start":{"line":72,"column":2},"end":{"line":77,"column":3}},"19":{"start":{"line":73,"column":4},"end":{"line":75,"column":5}},"20":{"start":{"line":74,"column":6},"end":{"line":74,"column":22}},"21":{"start":{"line":76,"column":4},"end":{"line":76,"column":45}},"22":{"start":{"line":83,"column":9},"end":{"line":85,"column":3}},"23":{"start":{"line":84,"column":4},"end":{"line":84,"column":73}},"24":{"start":{"line":96,"column":9},"end":{"line":99,"column":3}},"25":{"start":{"line":97,"column":4},"end":{"line":97,"column":26}},"26":{"start":{"line":98,"column":4},"end":{"line":98,"column":15}},"27":{"start":{"line":115,"column":9},"end":{"line":118,"column":3}},"28":{"start":{"line":116,"column":4},"end":{"line":116,"column":27}},"29":{"start":{"line":117,"column":4},"end":{"line":117,"column":15}},"30":{"start":{"line":126,"column":12},"end":{"line":128,"column":3}},"31":{"start":{"line":127,"column":4},"end":{"line":127,"column":15}},"32":{"start":{"line":135,"column":9},"end":{"line":161,"column":3}},"33":{"start":{"line":135,"column":2},"end":{"line":161,"column":2}},"34":{"start":{"line":136,"column":16},"end":{"line":136,"column":36}},"35":{"start":{"line":138,"column":4},"end":{"line":150,"column":5}},"36":{"start":{"line":139,"column":6},"end":{"line":139,"column":18}},"37":{"start":{"line":140,"column":11},"end":{"line":150,"column":5}},"38":{"start":{"line":141,"column":6},"end":{"line":141,"column":42}},"39":{"start":{"line":142,"column":11},"end":{"line":150,"column":5}},"40":{"start":{"line":143,"column":6},"end":{"line":143,"column":40}},"41":{"start":{"line":144,"column":11},"end":{"line":150,"column":5}},"42":{"start":{"line":145,"column":6},"end":{"line":145,"column":73}},"43":{"start":{"line":146,"column":11},"end":{"line":150,"column":5}},"44":{"start":{"line":147,"column":6},"end":{"line":147,"column":60}},"45":{"start":{"line":149,"column":6},"end":{"line":149,"column":37}},"46":{"start":{"line":152,"column":4},"end":{"line":159,"column":5}},"47":{"start":{"line":153,"column":6},"end":{"line":158,"column":8}},"48":{"start":{"line":154,"column":8},"end":{"line":156,"column":9}},"49":{"start":{"line":155,"column":20},"end":{"line":155,"column":77}},"50":{"start":{"line":157,"column":8},"end":{"line":157,"column":19}},"51":{"start":{"line":160,"column":4},"end":{"line":160,"column":17}},"52":{"start":{"line":163,"column":9},"end":{"line":166,"column":3}},"53":{"start":{"line":164,"column":16},"end":{"line":164,"column":35}},"54":{"start":{"line":165,"column":4},"end":{"line":165,"column":17}},"55":{"start":{"line":177,"column":9},"end":{"line":179,"column":3}},"56":{"start":{"line":178,"column":4},"end":{"line":178,"column":48}},"57":{"start":{"line":190,"column":9},"end":{"line":192,"column":3}},"58":{"start":{"line":191,"column":4},"end":{"line":191,"column":73}},"59":{"start":{"line":201,"column":9},"end":{"line":203,"column":3}},"60":{"start":{"line":202,"column":4},"end":{"line":202,"column":45}},"61":{"start":{"line":212,"column":2},"end":{"line":215,"column":3}},"62":{"start":{"line":213,"column":15},"end":{"line":213,"column":33}},"63":{"start":{"line":214,"column":4},"end":{"line":214,"column":45}},"64":{"start":{"line":216,"column":0},"end":{"line":216,"column":1}}},"fnMap":{"0":{"name":"(anonymous_5)","decl":{"start":{"line":34,"column":0},"end":{"line":null,"column":-1}},"loc":{"start":{"line":34,"column":0},"end":{"line":34,"column":-1}}},"1":{"name":"Verifiable","decl":{"start":{"line":35,"column":2},"end":{"line":35,"column":20}},"loc":{"start":{"line":35,"column":57},"end":{"line":39,"column":3}}},"2":{"name":"(anonymous_7)","decl":{"start":{"line":51,"column":2},"end":{"line":51,"column":5}},"loc":{"start":{"line":51,"column":37},"end":{"line":58,"column":3}}},"3":{"name":"(anonymous_8)","decl":{"start":{"line":72,"column":2},"end":{"line":72,"column":5}},"loc":{"start":{"line":72,"column":45},"end":{"line":77,"column":3}}},"4":{"name":"(anonymous_9)","decl":{"start":{"line":83,"column":2},"end":{"line":null,"column":-1}},"loc":{"start":{"line":83,"column":2},"end":{"line":85,"column":3}}},"5":{"name":"(anonymous_10)","decl":{"start":{"line":96,"column":2},"end":{"line":null,"column":-1}},"loc":{"start":{"line":96,"column":2},"end":{"line":99,"column":3}}},"6":{"name":"(anonymous_11)","decl":{"start":{"line":115,"column":2},"end":{"line":null,"column":-1}},"loc":{"start":{"line":115,"column":2},"end":{"line":118,"column":3}}},"7":{"name":"(anonymous_12)","decl":{"start":{"line":126,"column":2},"end":{"line":126,"column":18}},"loc":{"start":{"line":126,"column":31},"end":{"line":128,"column":3}}},"8":{"name":"(anonymous_13)","decl":{"start":{"line":135,"column":2},"end":{"line":135,"column":14}},"loc":{"start":{"line":135,"column":28},"end":{"line":161,"column":3}}},"9":{"name":"(anonymous_14)","decl":{"start":{"line":153,"column":36},"end":{"line":153,"column":35}},"loc":{"start":{"line":153,"column":40},"end":{"line":158,"column":7}}},"10":{"name":"(anonymous_15)","decl":{"start":{"line":155,"column":10},"end":{"line":155,"column":9}},"loc":{"start":{"line":155,"column":16},"end":{"line":155,"column":77}}},"11":{"name":"(anonymous_16)","decl":{"start":{"line":163,"column":2},"end":{"line":163,"column":11}},"loc":{"start":{"line":163,"column":25},"end":{"line":166,"column":3}}},"12":{"name":"(anonymous_17)","decl":{"start":{"line":177,"column":2},"end":{"line":177,"column":25}},"loc":{"start":{"line":177,"column":57},"end":{"line":179,"column":3}}},"13":{"name":"(anonymous_18)","decl":{"start":{"line":190,"column":2},"end":{"line":null,"column":-1}},"loc":{"start":{"line":190,"column":2},"end":{"line":192,"column":3}}},"14":{"name":"(anonymous_19)","decl":{"start":{"line":201,"column":2},"end":{"line":null,"column":-1}},"loc":{"start":{"line":201,"column":2},"end":{"line":203,"column":3}}},"15":{"name":"(anonymous_20)","decl":{"start":{"line":212,"column":2},"end":{"line":null,"column":-1}},"loc":{"start":{"line":212,"column":2},"end":{"line":215,"column":3}}}},"branchMap":{"0":{"loc":{"start":{"line":35,"column":40},"end":{"line":35,"column":57}},"type":"if","locations":[{"start":{"line":35,"column":40},"end":{"line":35,"column":57}},{"start":{"line":35,"column":40},"end":{"line":35,"column":57}}]},"1":{"loc":{"start":{"line":36,"column":4},"end":{"line":36,"column":11}},"type":"binary-expr","locations":[{"start":{"line":36,"column":4},"end":{"line":36,"column":11}},{"start":{"line":36,"column":11},"end":{"line":39,"column":2}}]},"2":{"loc":{"start":{"line":52,"column":4},"end":{"line":56,"column":5}},"type":"if","locations":[{"start":{"line":52,"column":4},"end":{"line":56,"column":5}},{"start":{"line":52,"column":4},"end":{"line":56,"column":5}}]},"3":{"loc":{"start":{"line":73,"column":4},"end":{"line":75,"column":5}},"type":"if","locations":[{"start":{"line":73,"column":4},"end":{"line":75,"column":5}},{"start":{"line":73,"column":4},"end":{"line":75,"column":5}}]},"4":{"loc":{"start":{"line":138,"column":4},"end":{"line":150,"column":5}},"type":"if","locations":[{"start":{"line":138,"column":4},"end":{"line":150,"column":5}},{"start":{"line":138,"column":4},"end":{"line":150,"column":5}}]},"5":{"loc":{"start":{"line":140,"column":11},"end":{"line":150,"column":5}},"type":"if","locations":[{"start":{"line":140,"column":11},"end":{"line":150,"column":5}},{"start":{"line":140,"column":11},"end":{"line":150,"column":5}}]},"6":{"loc":{"start":{"line":142,"column":11},"end":{"line":150,"column":5}},"type":"if","locations":[{"start":{"line":142,"column":11},"end":{"line":150,"column":5}},{"start":{"line":142,"column":11},"end":{"line":150,"column":5}}]},"7":{"loc":{"start":{"line":144,"column":11},"end":{"line":150,"column":5}},"type":"if","locations":[{"start":{"line":144,"column":11},"end":{"line":150,"column":5}},{"start":{"line":144,"column":11},"end":{"line":150,"column":5}}]},"8":{"loc":{"start":{"line":146,"column":11},"end":{"line":150,"column":5}},"type":"if","locations":[{"start":{"line":146,"column":11},"end":{"line":150,"column":5}},{"start":{"line":146,"column":11},"end":{"line":150,"column":5}}]},"9":{"loc":{"start":{"line":152,"column":4},"end":{"line":159,"column":5}},"type":"if","locations":[{"start":{"line":152,"column":4},"end":{"line":159,"column":5}},{"start":{"line":152,"column":4},"end":{"line":159,"column":5}}]},"10":{"loc":{"start":{"line":155,"column":43},"end":{"line":155,"column":49}},"type":"cond-expr","locations":[{"start":{"line":155,"column":43},"end":{"line":155,"column":49}},{"start":{"line":155,"column":52},"end":{"line":155,"column":76}}]},"11":{"loc":{"start":{"line":191,"column":11},"end":{"line":191,"column":60}},"type":"binary-expr","locations":[{"start":{"line":191,"column":11},"end":{"line":191,"column":60}},{"start":{"line":191,"column":64},"end":{"line":191,"column":73}}]}},"s":{"0":2,"1":2,"2":2,"3":2,"4":2,"5":2,"6":2,"7":531,"8":191,"9":191,"10":191,"11":191,"12":191,"13":2,"14":6,"15":1,"16":5,"17":6,"18":2,"19":4,"20":1,"21":3,"22":2,"23":4,"24":2,"25":0,"26":0,"27":2,"28":17,"29":17,"30":2,"31":0,"32":2,"33":241,"34":241,"35":241,"36":51,"37":190,"38":31,"39":159,"40":0,"41":159,"42":9,"43":150,"44":40,"45":110,"46":241,"47":1,"48":1,"49":1,"50":1,"51":241,"52":2,"53":45,"54":45,"55":2,"56":14,"57":2,"58":16,"59":2,"60":13,"61":2,"62":15,"63":15,"64":2},"f":{"0":2,"1":191,"2":6,"3":4,"4":4,"5":0,"6":17,"7":0,"8":241,"9":1,"10":1,"11":45,"12":14,"13":16,"14":13,"15":15},"b":{"0":[149,42],"1":[191,191],"2":[1,5],"3":[1,3],"4":[51,190],"5":[31,159],"6":[0,159],"7":[9,150],"8":[40,110],"9":[1,240],"10":[0,1],"11":[16,0]}}
[...]
,"/Users/yucong02/self/walli/src/util/index.ts": {"path":"/Users/yucong02/self/walli/src/util/index.ts","statementMap":{"0":{"start":{"line":7,"column":0},"end":{"line":7,"column":63}},"1":{"start":{"line":8,"column":0},"end":{"line":8,"column":37}},"2":{"start":{"line":9,"column":0},"end":{"line":9,"column":31}},"3":{"start":{"line":12,"column":22},"end":{"line":12,"column":52}},"4":{"start":{"line":20,"column":2},"end":{"line":22,"column":10}},"5":{"start":{"line":19,"column":0},"end":{"line":23,"column":1}},"6":{"start":{"line":33,"column":2},"end":{"line":33,"column":49}},"7":{"start":{"line":34,"column":22},"end":{"line":40,"column":3}},"8":{"start":{"line":34,"column":31},"end":{"line":34,"column":37}},"9":{"start":{"line":34,"column":31},"end":{"line":34,"column":38}},"10":{"start":{"line":35,"column":4},"end":{"line":37,"column":5}},"11":{"start":{"line":36,"column":6},"end":{"line":36,"column":41}},"12":{"start":{"line":39,"column":4},"end":{"line":39,"column":37}},"13":{"start":{"line":41,"column":2},"end":{"line":41,"column":40}},"14":{"start":{"line":42,"column":2},"end":{"line":42,"column":56}},"15":{"start":{"line":44,"column":2},"end":{"line":44,"column":20}},"16":{"start":{"line":30,"column":0},"end":{"line":45,"column":1}},"17":{"start":{"line":48,"column":2},"end":{"line":50,"column":3}},"18":{"start":{"line":49,"column":4},"end":{"line":49,"column":15}},"19":{"start":{"line":51,"column":2},"end":{"line":51,"column":15}},"20":{"start":{"line":47,"column":0},"end":{"line":52,"column":1}},"21":{"start":{"line":54,"column":15},"end":{"line":61,"column":1}},"22":{"start":{"line":65,"column":4},"end":{"line":72,"column":5}},"23":{"start":{"line":68,"column":8},"end":{"line":68,"column":31}},"24":{"start":{"line":71,"column":6},"end":{"line":71,"column":75}},"25":{"start":{"line":71,"column":27},"end":{"line":71,"column":75}},"26":{"start":{"line":71,"column":56},"end":{"line":71,"column":75}},"27":{"start":{"line":73,"column":2},"end":{"line":73,"column":29}},"28":{"start":{"line":75,"column":2},"end":{"line":75,"column":22}},"29":{"start":{"line":77,"column":4},"end":{"line":77,"column":28}},"30":{"start":{"line":79,"column":2},"end":{"line":83,"column":52}},"31":{"start":{"line":63,"column":0},"end":{"line":84,"column":1}},"32":{"start":{"line":91,"column":4},"end":{"line":91,"column":17}},"33":{"start":{"line":93,"column":2},"end":{"line":95,"column":3}},"34":{"start":{"line":94,"column":4},"end":{"line":94,"column":27}},"35":{"start":{"line":97,"column":2},"end":{"line":99,"column":3}},"36":{"start":{"line":98,"column":4},"end":{"line":98,"column":51}},"37":{"start":{"line":100,"column":2},"end":{"line":100,"column":17}},"38":{"start":{"line":89,"column":0},"end":{"line":101,"column":1}},"39":{"start":{"line":109,"column":13},"end":{"line":109,"column":21}},"40":{"start":{"line":110,"column":2},"end":{"line":113,"column":3}},"41":{"start":{"line":111,"column":18},"end":{"line":111,"column":78}},"42":{"start":{"line":111,"column":33},"end":{"line":111,"column":39}},"43":{"start":{"line":111,"column":41},"end":{"line":111,"column":45}},"44":{"start":{"line":111,"column":51},"end":{"line":111,"column":77}},"45":{"start":{"line":112,"column":4},"end":{"line":112,"column":73}},"46":{"start":{"line":114,"column":2},"end":{"line":114,"column":13}},"47":{"start":{"line":108,"column":0},"end":{"line":115,"column":1}},"48":{"start":{"line":123,"column":33},"end":{"line":123,"column":52}},"49":{"start":{"line":124,"column":2},"end":{"line":126,"column":3}},"50":{"start":{"line":125,"column":4},"end":{"line":125,"column":16}},"51":{"start":{"line":128,"column":2},"end":{"line":130,"column":3}},"52":{"start":{"line":129,"column":4},"end":{"line":129,"column":55}},"53":{"start":{"line":129,"column":29},"end":{"line":129,"column":40}},"54":{"start":{"line":131,"column":2},"end":{"line":133,"column":3}},"55":{"start":{"line":132,"column":4},"end":{"line":132,"column":30}},"56":{"start":{"line":135,"column":2},"end":{"line":137,"column":3}},"57":{"start":{"line":136,"column":4},"end":{"line":136,"column":23}},"58":{"start":{"line":139,"column":2},"end":{"line":141,"column":3}},"59":{"start":{"line":140,"column":4},"end":{"line":140,"column":17}},"60":{"start":{"line":143,"column":2},"end":{"line":143,"column":30}},"61":{"start":{"line":123,"column":0},"end":{"line":144,"column":1}},"62":{"start":{"line":152,"column":2},"end":{"line":154,"column":3}},"63":{"start":{"line":153,"column":4},"end":{"line":153,"column":26}},"64":{"start":{"line":156,"column":2},"end":{"line":156,"column":13}},"65":{"start":{"line":151,"column":0},"end":{"line":157,"column":1}}},"fnMap":{"0":{"name":"constructify","decl":{"start":{"line":19,"column":0},"end":{"line":19,"column":28}},"loc":{"start":{"line":19,"column":38},"end":{"line":23,"column":1}}},"1":{"name":"funcify","decl":{"start":{"line":30,"column":0},"end":{"line":31,"column":1}},"loc":{"start":{"line":31,"column":17},"end":{"line":45,"column":1}}},"2":{"name":"(anonymous_2)","decl":{"start":{"line":34,"column":22},"end":{"line":null,"column":-1}},"loc":{"start":{"line":34,"column":22},"end":{"line":40,"column":3}}},"3":{"name":"toArray","decl":{"start":{"line":47,"column":0},"end":{"line":47,"column":26}},"loc":{"start":{"line":47,"column":31},"end":{"line":52,"column":1}}},"4":{"name":"inherits","decl":{"start":{"line":63,"column":0},"end":{"line":63,"column":24}},"loc":{"start":{"line":63,"column":37},"end":{"line":84,"column":1}}},"5":{"name":"(anonymous_5)","decl":{"start":{"line":67,"column":6},"end":{"line":67,"column":14}},"loc":{"start":{"line":67,"column":27},"end":{"line":69,"column":7}}},"6":{"name":"(anonymous_6)","decl":{"start":{"line":70,"column":4},"end":{"line":70,"column":12}},"loc":{"start":{"line":70,"column":25},"end":{"line":72,"column":5}}},"7":{"name":"__","decl":{"start":{"line":76,"column":2},"end":{"line":null,"column":-1}},"loc":{"start":{"line":76,"column":2},"end":{"line":78,"column":3}}},"8":{"name":"getDisplayName","decl":{"start":{"line":89,"column":0},"end":{"line":90,"column":1}},"loc":{"start":{"line":91,"column":24},"end":{"line":101,"column":1}}},"9":{"name":"getTypeName","decl":{"start":{"line":108,"column":0},"end":{"line":108,"column":27}},"loc":{"start":{"line":108,"column":36},"end":{"line":115,"column":1}}},"10":{"name":"(anonymous_10)","decl":{"start":{"line":111,"column":31},"end":{"line":111,"column":31}},"loc":{"start":{"line":111,"column":46},"end":{"line":111,"column":77}}},"11":{"name":"toString","decl":{"start":{"line":123,"column":0},"end":{"line":123,"column":24}},"loc":{"start":{"line":123,"column":59},"end":{"line":144,"column":1}}},"12":{"name":"(anonymous_12)","decl":{"start":{"line":129,"column":24},"end":{"line":129,"column":23}},"loc":{"start":{"line":129,"column":25},"end":{"line":129,"column":40}}},"13":{"name":"isRequired","decl":{"start":{"line":151,"column":0},"end":{"line":151,"column":26}},"loc":{"start":{"line":151,"column":31},"end":{"line":157,"column":1}}}},"branchMap":{"0":{"loc":{"start":{"line":21,"column":6},"end":{"line":21,"column":35}},"type":"cond-expr","locations":[{"start":{"line":21,"column":6},"end":{"line":21,"column":35}},{"start":{"line":22,"column":6},"end":{"line":22,"column":10}}]},"1":{"loc":{"start":{"line":20,"column":9},"end":{"line":20,"column":13}},"type":"binary-expr","locations":[{"start":{"line":20,"column":9},"end":{"line":20,"column":13}},{"start":{"line":20,"column":17},"end":{"line":20,"column":46}}]},"2":{"loc":{"start":{"line":35,"column":4},"end":{"line":37,"column":5}},"type":"if","locations":[{"start":{"line":35,"column":4},"end":{"line":37,"column":5}},{"start":{"line":35,"column":4},"end":{"line":37,"column":5}}]},"3":{"loc":{"start":{"line":48,"column":2},"end":{"line":50,"column":3}},"type":"if","locations":[{"start":{"line":48,"column":2},"end":{"line":50,"column":3}},{"start":{"line":48,"column":2},"end":{"line":50,"column":3}}]},"4":{"loc":{"start":{"line":65,"column":4},"end":{"line":65,"column":25}},"type":"binary-expr","locations":[{"start":{"line":65,"column":4},"end":{"line":65,"column":25}},{"start":{"line":66,"column":5},"end":{"line":66,"column":39}},{"start":{"line":67,"column":6},"end":{"line":69,"column":7}},{"start":{"line":70,"column":4},"end":{"line":72,"column":5}}]},"5":{"loc":{"start":{"line":71,"column":27},"end":{"line":71,"column":75}},"type":"if","locations":[{"start":{"line":71,"column":27},"end":{"line":71,"column":75}},{"start":{"line":71,"column":27},"end":{"line":71,"column":75}}]},"6":{"loc":{"start":{"line":80,"column":6},"end":{"line":80,"column":61}},"type":"cond-expr","locations":[{"start":{"line":80,"column":6},"end":{"line":80,"column":61}},{"start":{"line":81,"column":6},"end":{"line":83,"column":52}}]},"7":{"loc":{"start":{"line":82,"column":8},"end":{"line":82,"column":28}},"type":"cond-expr","locations":[{"start":{"line":82,"column":8},"end":{"line":82,"column":28}},{"start":{"line":83,"column":9},"end":{"line":83,"column":51}}]},"8":{"loc":{"start":{"line":91,"column":4},"end":{"line":91,"column":16}},"type":"cond-expr","locations":[{"start":{"line":91,"column":4},"end":{"line":91,"column":16}},{"start":{"line":91,"column":4},"end":{"line":91,"column":16}}]},"9":{"loc":{"start":{"line":91,"column":4},"end":{"line":91,"column":16}},"type":"cond-expr","locations":[{"start":{"line":91,"column":4},"end":{"line":91,"column":16}},{"start":{"line":91,"column":4},"end":{"line":91,"column":17}}]},"10":{"loc":{"start":{"line":93,"column":2},"end":{"line":95,"column":3}},"type":"if","locations":[{"start":{"line":93,"column":2},"end":{"line":95,"column":3}},{"start":{"line":93,"column":2},"end":{"line":95,"column":3}}]},"11":{"loc":{"start":{"line":97,"column":2},"end":{"line":99,"column":3}},"type":"if","locations":[{"start":{"line":97,"column":2},"end":{"line":99,"column":3}},{"start":{"line":97,"column":2},"end":{"line":99,"column":3}}]},"12":{"loc":{"start":{"line":98,"column":19},"end":{"line":98,"column":39}},"type":"cond-expr","locations":[{"start":{"line":98,"column":19},"end":{"line":98,"column":39}},{"start":{"line":98,"column":42},"end":{"line":98,"column":51}}]},"13":{"loc":{"start":{"line":110,"column":2},"end":{"line":113,"column":3}},"type":"if","locations":[{"start":{"line":110,"column":2},"end":{"line":113,"column":3}},{"start":{"line":110,"column":2},"end":{"line":113,"column":3}}]},"14":{"loc":{"start":{"line":110,"column":6},"end":{"line":110,"column":9}},"type":"binary-expr","locations":[{"start":{"line":110,"column":6},"end":{"line":110,"column":9}},{"start":{"line":110,"column":13},"end":{"line":110,"column":28}}]},"15":{"loc":{"start":{"line":112,"column":20},"end":{"line":112,"column":25}},"type":"binary-expr","locations":[{"start":{"line":112,"column":20},"end":{"line":112,"column":25}},{"start":{"line":112,"column":29},"end":{"line":112,"column":37}},{"start":{"line":112,"column":42},"end":{"line":112,"column":73}}]},"16":{"loc":{"start":{"line":123,"column":33},"end":{"line":123,"column":51}},"type":"cond-expr","locations":[{"start":{"line":123,"column":33},"end":{"line":123,"column":51}},{"start":{"line":123,"column":33},"end":{"line":123,"column":51}}]},"17":{"loc":{"start":{"line":123,"column":33},"end":{"line":123,"column":51}},"type":"cond-expr","locations":[{"start":{"line":123,"column":33},"end":{"line":123,"column":51}},{"start":{"line":123,"column":33},"end":{"line":123,"column":52}}]},"18":{"loc":{"start":{"line":124,"column":2},"end":{"line":126,"column":3}},"type":"if","locations":[{"start":{"line":124,"column":2},"end":{"line":126,"column":3}},{"start":{"line":124,"column":2},"end":{"line":126,"column":3}}]},"19":{"loc":{"start":{"line":128,"column":2},"end":{"line":130,"column":3}},"type":"if","locations":[{"start":{"line":128,"column":2},"end":{"line":130,"column":3}},{"start":{"line":128,"column":2},"end":{"line":130,"column":3}}]},"20":{"loc":{"start":{"line":131,"column":2},"end":{"line":133,"column":3}},"type":"if","locations":[{"start":{"line":131,"column":2},"end":{"line":133,"column":3}},{"start":{"line":131,"column":2},"end":{"line":133,"column":3}}]},"21":{"loc":{"start":{"line":135,"column":2},"end":{"line":137,"column":3}},"type":"if","locations":[{"start":{"line":135,"column":2},"end":{"line":137,"column":3}},{"start":{"line":135,"column":2},"end":{"line":137,"column":3}}]},"22":{"loc":{"start":{"line":139,"column":2},"end":{"line":141,"column":3}},"type":"if","locations":[{"start":{"line":139,"column":2},"end":{"line":141,"column":3}},{"start":{"line":139,"column":2},"end":{"line":141,"column":3}}]},"23":{"loc":{"start":{"line":143,"column":9},"end":{"line":143,"column":24}},"type":"binary-expr","locations":[{"start":{"line":143,"column":9},"end":{"line":143,"column":24}},{"start":{"line":143,"column":28},"end":{"line":143,"column":30}}]},"24":{"loc":{"start":{"line":152,"column":2},"end":{"line":154,"column":3}},"type":"if","locations":[{"start":{"line":152,"column":2},"end":{"line":154,"column":3}},{"start":{"line":152,"column":2},"end":{"line":154,"column":3}}]}},"s":{"0":2,"1":2,"2":2,"3":2,"4":58,"5":2,"6":51,"7":51,"8":187,"9":110,"10":187,"11":187,"12":0,"13":51,"14":51,"15":51,"16":2,"17":84,"18":3,"19":81,"20":2,"21":2,"22":55,"23":0,"24":0,"25":0,"26":0,"27":55,"28":55,"29":0,"30":55,"31":2,"32":32,"33":16,"34":4,"35":12,"36":12,"37":0,"38":2,"39":52,"40":52,"41":38,"42":114,"43":114,"44":114,"45":38,"46":52,"47":2,"48":76,"49":38,"50":5,"51":33,"52":10,"53":13,"54":23,"55":1,"56":22,"57":13,"58":9,"59":0,"60":9,"61":2,"62":74,"63":57,"64":17,"65":2},"f":{"0":58,"1":51,"2":187,"3":84,"4":55,"5":0,"6":0,"7":0,"8":16,"9":52,"10":114,"11":38,"12":13,"13":74},"b":{"0":[3,55],"1":[58,58],"2":[187,0],"3":[3,81],"4":[55,0,0,0],"5":[0,0],"6":[55,0],"7":[0,0],"8":[0,16],"9":[0,16],"10":[4,12],"11":[12,0],"12":[12,0],"13":[38,14],"14":[52,38],"15":[38,38,0],"16":[19,19],"17":[19,19],"18":[5,33],"19":[10,23],"20":[1,22],"21":[13,9],"22":[0,9],"23":[9,0],"24":[57,17]}}
,"/Users/yucong02/self/walli/src/util/quote.ts": {"path":"/Users/yucong02/self/walli/src/util/quote.ts","statementMap":{"0":{"start":{"line":3,"column":18},"end":{"line":3,"column":140}},"1":{"start":{"line":4,"column":24},"end":{"line":4,"column":146}},"2":{"start":{"line":5,"column":19},"end":{"line":13,"column":1}},"3":{"start":{"line":14,"column":16},"end":{"line":17,"column":1}},"4":{"start":{"line":18,"column":16},"end":{"line":21,"column":1}},"5":{"start":{"line":23,"column":24},"end":{"line":23,"column":34}},"6":{"start":{"line":23,"column":36},"end":{"line":23,"column":51}},"7":{"start":{"line":29,"column":2},"end":{"line":29,"column":19}},"8":{"start":{"line":30,"column":2},"end":{"line":40,"column":26}},"9":{"start":{"line":33,"column":18},"end":{"line":33,"column":25}},"10":{"start":{"line":34,"column":10},"end":{"line":37,"column":15}},"11":{"start":{"line":49,"column":2},"end":{"line":49,"column":58}},"12":{"start":{"line":48,"column":0},"end":{"line":50,"column":1}},"13":{"start":{"line":58,"column":2},"end":{"line":58,"column":51}},"14":{"start":{"line":57,"column":0},"end":{"line":59,"column":1}}},"fnMap":{"0":{"name":"_quote","decl":{"start":{"line":23,"column":0},"end":{"line":23,"column":15}},"loc":{"start":{"line":23,"column":57},"end":{"line":41,"column":1}}},"1":{"name":"(anonymous_2)","decl":{"start":{"line":32,"column":28},"end":{"line":32,"column":36}},"loc":{"start":{"line":32,"column":38},"end":{"line":38,"column":9}}},"2":{"name":"single","decl":{"start":{"line":48,"column":0},"end":{"line":48,"column":22}},"loc":{"start":{"line":48,"column":29},"end":{"line":50,"column":1}}},"3":{"name":"double","decl":{"start":{"line":57,"column":0},"end":{"line":57,"column":22}},"loc":{"start":{"line":57,"column":29},"end":{"line":59,"column":1}}}},"branchMap":{"0":{"loc":{"start":{"line":23,"column":24},"end":{"line":23,"column":34}},"type":"if","locations":[{"start":{"line":23,"column":24},"end":{"line":23,"column":34}},{"start":{"line":23,"column":24},"end":{"line":23,"column":34}}]},"1":{"loc":{"start":{"line":23,"column":36},"end":{"line":23,"column":51}},"type":"if","locations":[{"start":{"line":23,"column":36},"end":{"line":23,"column":51}},{"start":{"line":23,"column":36},"end":{"line":23,"column":51}}]},"2":{"loc":{"start":{"line":31,"column":6},"end":{"line":39,"column":12}},"type":"cond-expr","locations":[{"start":{"line":31,"column":6},"end":{"line":39,"column":12}},{"start":{"line":40,"column":6},"end":{"line":40,"column":26}}]},"3":{"loc":{"start":{"line":35,"column":14},"end":{"line":35,"column":15}},"type":"cond-expr","locations":[{"start":{"line":35,"column":14},"end":{"line":35,"column":15}},{"start":{"line":37,"column":14},"end":{"line":37,"column":15}}]}},"s":{"0":2,"1":2,"2":2,"3":2,"4":2,"5":33,"6":33,"7":33,"8":33,"9":10,"10":10,"11":31,"12":2,"13":2,"14":2},"f":{"0":33,"1":10,"2":31,"3":2},"b":{"0":[0,33],"1":[0,33],"2":[4,29],"3":[10,0]}}
,"/Users/yucong02/self/walli/src/util/ruleEachBreakable.ts": {"path":"/Users/yucong02/self/walli/src/util/ruleEachBreakable.ts","statementMap":{"0":{"start":{"line":1,"column":0},"end":{"line":1,"column":36}},"1":{"start":{"line":2,"column":0},"end":{"line":2,"column":45}},"2":{"start":{"line":5,"column":20},"end":{"line":5,"column":42}},"3":{"start":{"line":6,"column":13},"end":{"line":12,"column":4}},"4":{"start":{"line":7,"column":20},"end":{"line":7,"column":45}},"5":{"start":{"line":8,"column":4},"end":{"line":10,"column":5}},"6":{"start":{"line":9,"column":6},"end":{"line":9,"column":17}},"7":{"start":{"line":11,"column":4},"end":{"line":11,"column":27}},"8":{"start":{"line":14,"column":2},"end":{"line":16,"column":3}},"9":{"start":{"line":15,"column":4},"end":{"line":15,"column":15}},"10":{"start":{"line":17,"column":2},"end":{"line":17,"column":18}},"11":{"start":{"line":21,"column":2},"end":{"line":21,"column":52}},"12":{"start":{"line":20,"column":0},"end":{"line":22,"column":1}},"13":{"start":{"line":25,"column":2},"end":{"line":25,"column":53}},"14":{"start":{"line":24,"column":0},"end":{"line":26,"column":1}}},"fnMap":{"0":{"name":"_each","decl":{"start":{"line":4,"column":0},"end":{"line":4,"column":14}},"loc":{"start":{"line":4,"column":44},"end":{"line":18,"column":1}}},"1":{"name":"(anonymous_1)","decl":{"start":{"line":6,"column":32},"end":{"line":6,"column":31}},"loc":{"start":{"line":6,"column":36},"end":{"line":12,"column":3}}},"2":{"name":"some","decl":{"start":{"line":20,"column":0},"end":{"line":20,"column":20}},"loc":{"start":{"line":20,"column":35},"end":{"line":22,"column":1}}},"3":{"name":"every","decl":{"start":{"line":24,"column":0},"end":{"line":24,"column":21}},"loc":{"start":{"line":24,"column":36},"end":{"line":26,"column":1}}}},"branchMap":{"0":{"loc":{"start":{"line":8,"column":4},"end":{"line":10,"column":5}},"type":"if","locations":[{"start":{"line":8,"column":4},"end":{"line":10,"column":5}},{"start":{"line":8,"column":4},"end":{"line":10,"column":5}}]},"1":{"loc":{"start":{"line":14,"column":2},"end":{"line":16,"column":3}},"type":"if","locations":[{"start":{"line":14,"column":2},"end":{"line":16,"column":3}},{"start":{"line":14,"column":2},"end":{"line":16,"column":3}}]}},"s":{"0":2,"1":2,"2":12,"3":12,"4":18,"5":18,"6":10,"7":8,"8":12,"9":6,"10":6,"11":5,"12":2,"13":7,"14":2},"f":{"0":12,"1":18,"2":5,"3":7},"b":{"0":[10,8],"1":[6,6]}}
}
