TN:
SF:/Users/yucong02/self/walli/src/Any.ts
FN:17,(anonymous_5)
FN:18,(anonymous_7)
FNF:2
FNH:2
FNDA:3,(anonymous_5)
FNDA:3,(anonymous_7)
DA:7,1
DA:8,1
DA:17,1
DA:18,1
DA:19,3
DA:21,1
DA:23,1
LF:7
LH:7
BRF:0
BRH:0
end_of_record
TN:
SF:/Users/yucong02/self/walli/src/Array.ts
FN:23,(anonymous_5)
FN:24,(anonymous_7)
FN:34,(anonymous_8)
FNF:3
FNH:3
FNDA:5,(anonymous_5)
FNDA:6,(anonymous_7)
FNDA:18,(anonymous_8)
DA:7,1
DA:8,1
DA:9,1
DA:10,1
DA:11,1
DA:12,1
DA:23,1
DA:24,6
DA:25,6
DA:26,0
DA:29,6
DA:30,0
DA:33,6
DA:34,6
DA:35,18
DA:36,18
DA:37,15
DA:39,3
DA:40,3
DA:42,6
DA:44,1
DA:46,1
LF:22
LH:20
BRDA:25,0,0,0
BRDA:25,0,1,6
BRDA:29,1,0,0
BRDA:29,1,1,6
BRDA:36,2,0,15
BRDA:36,2,1,3
BRF:6
BRH:4
end_of_record
TN:
SF:/Users/yucong02/self/walli/src/Be.ts
FN:21,(anonymous_5)
FN:22,(anonymous_7)
FNF:2
FNH:2
FNDA:36,(anonymous_5)
FNDA:38,(anonymous_7)
DA:7,2
DA:8,2
DA:9,2
DA:10,2
DA:21,2
DA:22,2
DA:23,38
DA:24,14
DA:26,24
DA:28,2
DA:30,2
LF:11
LH:11
BRDA:23,0,0,14
BRDA:23,0,1,24
BRF:2
BRH:2
end_of_record
TN:
SF:/Users/yucong02/self/walli/src/Boolean.ts
FN:14,(anonymous_5)
FNF:1
FNH:1
FNDA:6,(anonymous_5)
DA:7,1
DA:8,1
DA:9,1
DA:14,5
DA:15,5
DA:16,5
DA:20,1
DA:22,1
LF:8
LH:8
BRDA:14,0,0,5
BRDA:14,0,1,5
BRDA:14,0,2,0
BRF:3
BRH:2
end_of_record
TN:
SF:/Users/yucong02/self/walli/src/Custom.ts
FN:27,(anonymous_5)
FN:30,(anonymous_7)
FNF:2
FNH:2
FNDA:3,(anonymous_5)
FNDA:1,(anonymous_7)
DA:7,1
DA:8,1
DA:27,1
DA:30,1
DA:31,1
DA:33,1
DA:35,1
LF:7
LH:7
BRF:0
BRH:0
end_of_record
TN:
SF:/Users/yucong02/self/walli/src/Date.ts
FN:14,(anonymous_5)
FN:15,(anonymous_7)
FNF:2
FNH:1
FNDA:1,(anonymous_5)
FNDA:0,(anonymous_7)
DA:7,1
DA:8,1
DA:9,1
DA:14,1
DA:15,0
DA:16,0
DA:20,1
DA:22,1
LF:8
LH:6
BRDA:14,0,0,0
BRDA:14,0,1,0
BRDA:14,0,2,0
BRF:3
BRH:0
end_of_record
TN:
SF:/Users/yucong02/self/walli/src/Equal.ts
FN:25,(anonymous_5)
FN:26,Equal
FNF:2
FNH:2
FNDA:2,(anonymous_5)
FNDA:18,Equal
DA:7,2
DA:9,2
DA:25,2
DA:26,18
DA:27,18
DA:29,2
DA:31,2
LF:7
LH:7
BRDA:27,0,0,18
BRDA:27,0,1,0
BRF:2
BRH:1
end_of_record
TN:
SF:/Users/yucong02/self/walli/src/Every.ts
FN:23,(anonymous_5)
FN:26,(anonymous_7)
FNF:2
FNH:2
FNDA:5,(anonymous_5)
FNDA:7,(anonymous_7)
DA:7,2
DA:8,2
DA:9,2
DA:23,2
DA:26,2
DA:27,7
DA:29,2
DA:31,2
LF:8
LH:8
BRF:0
BRH:0
end_of_record
TN:
SF:/Users/yucong02/self/walli/src/Function.ts
FN:14,(anonymous_5)
FNF:1
FNH:1
FNDA:2,(anonymous_5)
DA:7,1
DA:8,1
DA:9,1
DA:14,1
DA:15,1
DA:16,1
DA:20,1
DA:22,1
LF:8
LH:8
BRDA:14,0,0,1
BRDA:14,0,1,1
BRDA:14,0,2,0
BRF:3
BRH:2
end_of_record
TN:
SF:/Users/yucong02/self/walli/src/InnerEqual.ts
FN:16,isObjectMap
FN:20,(anonymous_6)
FN:21,InnerEqual
FN:25,(anonymous_8)
FN:29,(anonymous_9)
FN:30,(anonymous_10)
FN:41,(anonymous_11)
FN:45,(anonymous_12)
FN:49,(anonymous_13)
FN:71,(anonymous_14)
FN:84,(anonymous_15)
FN:109,(anonymous_16)
FNF:12
FNH:11
FNDA:105,isObjectMap
FNDA:2,(anonymous_6)
FNDA:42,InnerEqual
FNDA:15,(anonymous_8)
FNDA:1,(anonymous_9)
FNDA:1,(anonymous_10)
FNDA:0,(anonymous_11)
FNDA:1,(anonymous_12)
FNDA:46,(anonymous_13)
FNDA:74,(anonymous_14)
FNDA:72,(anonymous_15)
FNDA:16,(anonymous_16)
DA:7,2
DA:8,2
DA:9,2
DA:10,2
DA:11,2
DA:12,2
DA:13,2
DA:17,105
DA:20,2
DA:21,84
DA:22,42
DA:25,42
DA:26,15
DA:29,2
DA:30,1
DA:31,1
DA:32,1
DA:34,1
DA:37,1
DA:38,1
DA:41,2
DA:42,0
DA:45,2
DA:46,1
DA:49,46
DA:50,46
DA:52,46
DA:53,46
DA:55,45
DA:57,35
DA:61,2
DA:69,33
DA:70,33
DA:71,74
DA:73,33
DA:74,33
DA:75,21
DA:76,3
DA:82,30
DA:83,30
DA:84,30
DA:85,72
DA:86,72
DA:88,72
DA:93,9
DA:96,63
DA:97,63
DA:98,16
DA:100,16
DA:101,16
DA:103,0
DA:108,30
DA:109,16
DA:112,10
DA:113,10
DA:115,0
DA:118,1
DA:120,2
DA:122,2
LF:59
LH:56
BRDA:17,0,0,105
BRDA:17,0,1,95
BRDA:21,1,0,0
BRDA:21,1,1,42
BRDA:22,2,0,42
BRDA:22,2,1,0
BRDA:31,3,0,1
BRDA:31,3,1,0
BRDA:53,4,0,45
BRDA:53,4,1,1
BRDA:55,5,0,35
BRDA:55,5,1,10
BRDA:55,6,0,45
BRDA:55,6,1,39
BRDA:57,7,0,2
BRDA:57,7,1,33
BRDA:58,8,0,35
BRDA:58,8,1,33
BRDA:74,9,0,21
BRDA:74,9,1,12
BRDA:75,10,0,3
BRDA:75,10,1,18
BRDA:88,11,0,9
BRDA:88,11,1,63
BRDA:89,12,0,72
BRDA:89,12,1,57
BRDA:89,12,2,23
BRDA:97,13,0,16
BRDA:97,13,1,47
BRDA:100,14,0,16
BRDA:100,14,1,0
BRDA:112,15,0,10
BRDA:112,15,1,0
BRDA:112,16,0,10
BRDA:112,16,1,0
BRF:35
BRH:29
end_of_record
TN:
SF:/Users/yucong02/self/walli/src/InstanceOf.ts
FN:17,(anonymous_5)
FN:20,(anonymous_7)
FNF:2
FNH:2
FNDA:11,(anonymous_5)
FNDA:9,(anonymous_7)
DA:7,2
DA:8,2
DA:17,2
DA:20,2
DA:21,9
DA:22,4
DA:25,5
DA:27,2
DA:29,2
LF:9
LH:9
BRDA:21,0,0,4
BRDA:21,0,1,5
BRF:2
BRH:2
end_of_record
TN:
SF:/Users/yucong02/self/walli/src/Integer.ts
FN:14,(anonymous_5)
FNF:1
FNH:1
FNDA:3,(anonymous_5)
DA:7,1
DA:8,1
DA:9,1
DA:14,2
DA:15,2
DA:16,2
DA:20,1
DA:22,1
LF:8
LH:8
BRDA:14,0,0,2
BRDA:14,0,1,2
BRDA:14,0,2,0
BRF:3
BRH:2
end_of_record
TN:
SF:/Users/yucong02/self/walli/src/LooseEqual.ts
FN:26,(anonymous_5)
FN:27,LooseEqual
FNF:2
FNH:2
FNDA:2,(anonymous_5)
FNDA:9,LooseEqual
DA:7,2
DA:8,2
DA:26,2
DA:27,9
DA:28,9
DA:30,2
DA:32,2
LF:7
LH:7
BRDA:28,0,0,9
BRDA:28,0,1,0
BRF:2
BRH:1
end_of_record
TN:
SF:/Users/yucong02/self/walli/src/Nil.ts
FN:14,(anonymous_5)
FNF:1
FNH:1
FNDA:6,(anonymous_5)
DA:7,2
DA:8,2
DA:9,2
DA:14,4
DA:15,4
DA:16,4
DA:20,2
DA:22,2
LF:8
LH:8
BRDA:14,0,0,4
BRDA:14,0,1,4
BRDA:14,0,2,0
BRF:3
BRH:2
end_of_record
TN:
SF:/Users/yucong02/self/walli/src/Not.ts
FN:22,(anonymous_5)
FN:23,(anonymous_7)
FNF:2
FNH:2
FNDA:9,(anonymous_5)
FNDA:7,(anonymous_7)
DA:7,2
DA:8,2
DA:9,2
DA:10,2
DA:11,2
DA:22,2
DA:23,2
DA:24,7
DA:25,7
DA:26,3
DA:29,4
DA:33,2
DA:35,2
LF:13
LH:13
BRDA:25,0,0,3
BRDA:25,0,1,4
BRF:2
BRH:2
end_of_record
TN:
SF:/Users/yucong02/self/walli/src/Null.ts
FN:14,(anonymous_5)
FNF:1
FNH:1
FNDA:6,(anonymous_5)
DA:7,2
DA:8,2
DA:9,2
DA:14,4
DA:15,4
DA:16,4
DA:20,2
DA:22,2
LF:8
LH:8
BRDA:14,0,0,4
BRDA:14,0,1,4
BRDA:14,0,2,0
BRF:3
BRH:2
end_of_record
TN:
SF:/Users/yucong02/self/walli/src/Number.ts
FN:13,(anonymous_5)
FN:14,(anonymous_7)
FNF:2
FNH:2
FNDA:11,(anonymous_5)
FNDA:30,(anonymous_7)
DA:7,2
DA:8,2
DA:13,9
DA:14,9
DA:15,30
DA:17,9
DA:21,2
DA:23,2
LF:8
LH:8
BRDA:13,0,0,9
BRDA:13,0,1,9
BRDA:13,0,2,0
BRF:3
BRH:2
end_of_record
TN:
SF:/Users/yucong02/self/walli/src/Object.ts
FN:25,(anonymous_5)
FN:29,Object_
FN:36,(anonymous_7)
FN:52,(anonymous_8)
FN:58,(anonymous_9)
FN:68,(anonymous_10)
FNF:6
FNH:6
FNDA:2,(anonymous_5)
FNDA:7,Object_
FNDA:9,(anonymous_7)
FNDA:16,(anonymous_8)
FNDA:12,(anonymous_9)
FNDA:2,(anonymous_10)
DA:7,2
DA:8,2
DA:9,2
DA:10,2
DA:11,2
DA:14,2
DA:25,2
DA:30,7
DA:31,7
DA:32,4
DA:36,2
DA:37,9
DA:38,1
DA:46,8
DA:47,2
DA:50,6
DA:51,6
DA:53,16
DA:55,16
DA:56,16
DA:57,16
DA:58,12
DA:59,12
DA:61,12
DA:62,12
DA:66,4
DA:67,4
DA:68,2
DA:69,2
DA:71,2
DA:72,2
DA:74,2
DA:78,2
DA:80,2
LF:34
LH:34
BRDA:30,0,0,7
BRDA:30,0,1,0
BRDA:31,1,0,4
BRDA:31,1,1,3
BRDA:37,2,0,1
BRDA:37,2,1,8
BRDA:37,3,0,9
BRDA:37,3,1,9
BRDA:46,4,0,2
BRDA:46,4,1,6
BRDA:46,5,0,8
BRDA:46,5,1,6
BRDA:55,6,0,16
BRDA:55,6,1,0
BRDA:57,7,0,12
BRDA:57,7,1,4
BRDA:67,8,0,2
BRDA:67,8,1,2
BRF:18
BRH:16
end_of_record
TN:
SF:/Users/yucong02/self/walli/src/OneOf.ts
FN:18,(anonymous_5)
FN:20,OneOf
FN:24,(anonymous_7)
FN:26,(anonymous_8)
FNF:4
FNH:4
FNDA:2,(anonymous_5)
FNDA:14,OneOf
FNDA:9,(anonymous_7)
FNDA:23,(anonymous_8)
DA:7,2
DA:10,2
DA:11,2
DA:12,2
DA:18,2
DA:24,2
DA:26,9
DA:27,23
DA:28,23
DA:29,23
DA:32,9
DA:33,6
DA:36,3
DA:38,2
DA:40,2
LF:15
LH:15
BRDA:21,0,0,14
BRDA:21,0,1,0
BRDA:32,1,0,6
BRDA:32,1,1,3
BRF:4
BRH:3
end_of_record
TN:
SF:/Users/yucong02/self/walli/src/Some.ts
FN:21,(anonymous_5)
FN:24,(anonymous_7)
FNF:2
FNH:2
FNDA:4,(anonymous_5)
FNDA:5,(anonymous_7)
DA:7,2
DA:8,2
DA:9,2
DA:21,2
DA:24,2
DA:25,5
DA:27,2
DA:29,2
LF:8
LH:8
BRF:0
BRH:0
end_of_record
TN:
SF:/Users/yucong02/self/walli/src/StrictNumber.ts
FN:19,(anonymous_5)
FNF:1
FNH:1
FNDA:1,(anonymous_5)
DA:7,1
DA:8,1
DA:9,1
DA:19,1
DA:20,0
DA:21,0
DA:25,1
DA:27,1
LF:8
LH:6
BRDA:19,0,0,0
BRDA:19,0,1,0
BRDA:19,0,2,0
BRF:3
BRH:0
end_of_record
TN:
SF:/Users/yucong02/self/walli/src/String.ts
FN:14,(anonymous_5)
FNF:1
FNH:1
FNDA:32,(anonymous_5)
DA:7,2
DA:8,2
DA:9,2
DA:14,30
DA:15,30
DA:16,30
DA:20,2
DA:22,2
LF:8
LH:8
BRDA:14,0,0,30
BRDA:14,0,1,30
BRDA:14,0,2,0
BRF:3
BRH:2
end_of_record
TN:
SF:/Users/yucong02/self/walli/src/TypeVerifiable.ts
FN:12,(anonymous_5)
FN:19,(anonymous_7)
FN:30,(anonymous_8)
FNF:3
FNH:3
FNDA:61,(anonymous_5)
FNDA:99,(anonymous_7)
FNDA:3,(anonymous_8)
DA:7,2
DA:9,2
DA:10,2
DA:12,2
DA:19,2
DA:20,99
DA:21,62
DA:24,37
DA:30,2
DA:31,3
DA:33,2
DA:35,2
LF:12
LH:12
BRDA:20,0,0,62
BRDA:20,0,1,37
BRF:2
BRH:2
end_of_record
TN:
SF:/Users/yucong02/self/walli/src/Undefined.ts
FN:14,(anonymous_5)
FNF:1
FNH:1
FNDA:6,(anonymous_5)
DA:7,2
DA:8,2
DA:9,2
DA:14,4
DA:15,4
DA:16,4
DA:20,2
DA:22,2
LF:8
LH:8
BRDA:14,0,0,4
BRDA:14,0,1,4
BRDA:14,0,2,0
BRF:3
BRH:2
end_of_record
TN:
SF:/Users/yucong02/self/walli/src/Unlawful.ts
FN:11,(anonymous_5)
FN:16,(anonymous_7)
FN:17,Reason
FN:24,(anonymous_9)
FN:29,(anonymous_10)
FN:34,(anonymous_11)
FN:38,(anonymous_12)
FN:43,(anonymous_13)
FN:48,pathsToString
FN:59,(anonymous_15)
FN:67,(anonymous_16)
FN:69,Unlawfulness
FN:73,(anonymous_18)
FN:77,(anonymous_19)
FN:81,(anonymous_20)
FN:85,(anonymous_21)
FN:91,(anonymous_22)
FN:93,UnlawfulnessList
FN:96,(anonymous_24)
FN:99,(anonymous_25)
FN:102,(anonymous_26)
FN:104,(anonymous_27)
FN:114,(anonymous_28)
FN:117,(anonymous_29)
FN:118,(anonymous_30)
FN:121,(anonymous_31)
FN:122,(anonymous_32)
FN:129,(anonymous_33)
FN:130,(anonymous_34)
FNF:29
FNH:25
FNDA:2,(anonymous_5)
FNDA:2,(anonymous_7)
FNDA:80,Reason
FNDA:14,(anonymous_9)
FNDA:0,(anonymous_10)
FNDA:0,(anonymous_11)
FNDA:27,(anonymous_12)
FNDA:28,(anonymous_13)
FNDA:28,pathsToString
FNDA:16,(anonymous_15)
FNDA:2,(anonymous_16)
FNDA:80,Unlawfulness
FNDA:42,(anonymous_18)
FNDA:28,(anonymous_19)
FNDA:28,(anonymous_20)
FNDA:28,(anonymous_21)
FNDA:2,(anonymous_22)
FNDA:246,UnlawfulnessList
FNDA:0,(anonymous_24)
FNDA:0,(anonymous_25)
FNDA:257,(anonymous_26)
FNDA:123,(anonymous_27)
FNDA:220,(anonymous_28)
FNDA:18,(anonymous_29)
FNDA:28,(anonymous_30)
FNDA:33,(anonymous_31)
FNDA:42,(anonymous_32)
FNDA:14,(anonymous_33)
FNDA:14,(anonymous_34)
DA:7,2
DA:8,2
DA:9,2
DA:11,2
DA:14,2
DA:16,2
DA:17,80
DA:18,80
DA:19,80
DA:20,80
DA:23,80
DA:24,2
DA:25,14
DA:26,14
DA:28,80
DA:29,2
DA:30,0
DA:31,0
DA:34,2
DA:35,0
DA:38,2
DA:39,27
DA:43,2
DA:44,28
DA:46,2
DA:49,28
DA:50,22
DA:51,7
DA:54,15
DA:59,16
DA:64,6
DA:67,2
DA:69,80
DA:70,80
DA:71,80
DA:73,42
DA:74,42
DA:77,2
DA:78,28
DA:79,28
DA:81,28
DA:82,28
DA:85,28
DA:89,2
DA:91,2
DA:92,246
DA:93,376
DA:94,246
DA:96,2
DA:97,0
DA:99,2
DA:100,0
DA:102,257
DA:103,257
DA:104,257
DA:105,123
DA:106,80
DA:107,43
DA:108,43
DA:112,257
DA:114,2
DA:115,220
DA:117,36
DA:118,28
DA:121,33
DA:122,33
DA:123,42
DA:124,42
DA:126,33
DA:129,2
DA:130,14
DA:131,14
DA:133,14
DA:135,2
LF:74
LH:69
BRDA:18,0,0,80
BRDA:18,0,1,80
BRDA:44,1,0,27
BRDA:44,1,1,1
BRDA:49,2,0,22
BRDA:49,2,1,6
BRDA:49,3,0,28
BRDA:49,3,1,28
BRDA:50,4,0,7
BRDA:50,4,1,15
BRDA:71,5,0,80
BRDA:71,5,1,80
BRDA:79,6,0,22
BRDA:79,6,1,6
BRDA:93,7,0,130
BRDA:93,7,1,116
BRDA:105,8,0,80
BRDA:105,8,1,43
BRDA:107,9,0,43
BRDA:107,9,1,0
BRDA:117,10,0,18
BRDA:117,10,1,0
BRDA:117,11,0,18
BRDA:117,11,1,0
BRF:24
BRH:21
end_of_record
TN:
SF:/Users/yucong02/self/walli/src/Verifiable.ts
FN:34,(anonymous_5)
FN:35,Verifiable
FN:51,(anonymous_7)
FN:72,(anonymous_8)
FN:83,(anonymous_9)
FN:96,(anonymous_10)
FN:115,(anonymous_11)
FN:126,(anonymous_12)
FN:135,(anonymous_13)
FN:153,(anonymous_14)
FN:155,(anonymous_15)
FN:163,(anonymous_16)
FN:177,(anonymous_17)
FN:190,(anonymous_18)
FN:201,(anonymous_19)
FN:212,(anonymous_20)
FNF:16
FNH:14
FNDA:2,(anonymous_5)
FNDA:191,Verifiable
FNDA:6,(anonymous_7)
FNDA:4,(anonymous_8)
FNDA:4,(anonymous_9)
FNDA:0,(anonymous_10)
FNDA:17,(anonymous_11)
FNDA:0,(anonymous_12)
FNDA:241,(anonymous_13)
FNDA:1,(anonymous_14)
FNDA:1,(anonymous_15)
FNDA:45,(anonymous_16)
FNDA:14,(anonymous_17)
FNDA:16,(anonymous_18)
FNDA:13,(anonymous_19)
FNDA:15,(anonymous_20)
DA:7,2
DA:13,2
DA:14,2
DA:23,2
DA:24,2
DA:34,2
DA:35,531
DA:36,191
DA:37,191
DA:38,191
DA:51,2
DA:52,6
DA:53,1
DA:55,5
DA:57,6
DA:72,2
DA:73,4
DA:74,1
DA:76,3
DA:83,2
DA:84,4
DA:91,191
DA:96,2
DA:97,0
DA:98,0
DA:115,2
DA:116,17
DA:117,17
DA:126,2
DA:127,0
DA:135,241
DA:136,241
DA:138,241
DA:139,51
DA:140,190
DA:141,31
DA:142,159
DA:143,0
DA:144,159
DA:145,9
DA:146,150
DA:147,40
DA:149,110
DA:152,241
DA:153,1
DA:154,1
DA:155,1
DA:157,1
DA:160,241
DA:163,2
DA:164,45
DA:165,45
DA:177,2
DA:178,14
DA:190,2
DA:191,16
DA:201,2
DA:202,13
DA:212,2
DA:213,15
DA:214,15
DA:216,2
LF:62
LH:58
BRDA:35,0,0,149
BRDA:35,0,1,42
BRDA:36,1,0,191
BRDA:36,1,1,191
BRDA:52,2,0,1
BRDA:52,2,1,5
BRDA:73,3,0,1
BRDA:73,3,1,3
BRDA:138,4,0,51
BRDA:138,4,1,190
BRDA:140,5,0,31
BRDA:140,5,1,159
BRDA:142,6,0,0
BRDA:142,6,1,159
BRDA:144,7,0,9
BRDA:144,7,1,150
BRDA:146,8,0,40
BRDA:146,8,1,110
BRDA:152,9,0,1
BRDA:152,9,1,240
BRDA:155,10,0,0
BRDA:155,10,1,1
BRDA:191,11,0,16
BRDA:191,11,1,0
BRF:24
BRH:21
end_of_record
TN:
SF:/Users/yucong02/self/walli/src/walli.ts
FNF:0
FNH:0
DA:9,1
DA:10,1
DA:11,1
DA:12,1
DA:13,1
DA:14,1
DA:15,1
DA:16,1
DA:17,1
DA:18,1
DA:19,1
DA:21,1
DA:22,1
DA:23,1
DA:24,1
DA:25,1
DA:26,1
DA:27,1
DA:28,1
DA:29,1
DA:30,1
DA:31,1
DA:32,1
DA:35,1
DA:36,1
DA:37,1
DA:38,1
DA:39,1
DA:42,1
DA:43,1
DA:44,1
DA:45,1
DA:54,1
LF:33
LH:33
BRF:0
BRH:0
end_of_record
TN:
SF:/Users/yucong02/self/walli/src/reasons/Equal.ts
FN:11,(anonymous_5)
FN:12,(anonymous_7)
FNF:2
FNH:2
FNDA:29,(anonymous_5)
FNDA:3,(anonymous_7)
DA:1,2
DA:2,2
DA:11,2
DA:12,2
DA:13,3
DA:17,2
LF:6
LH:6
BRF:0
BRH:0
end_of_record
TN:
SF:/Users/yucong02/self/walli/src/reasons/Message.ts
FN:9,(anonymous_5)
FN:10,Message
FN:14,(anonymous_7)
FNF:3
FNH:3
FNDA:2,(anonymous_5)
FNDA:13,Message
FNDA:3,(anonymous_7)
DA:7,2
DA:9,2
DA:10,13
DA:11,13
DA:12,13
DA:14,2
DA:15,3
DA:17,2
LF:8
LH:8
BRDA:11,0,0,13
BRDA:11,0,1,0
BRF:2
BRH:1
end_of_record
TN:
SF:/Users/yucong02/self/walli/src/reasons/TypeReason.ts
FN:10,(anonymous_5)
FN:15,TypeItem
FN:11,(anonymous_7)
FN:20,(anonymous_8)
FN:25,(anonymous_9)
FN:29,(anonymous_11)
FNF:6
FNH:6
FNDA:2,(anonymous_5)
FNDA:80,TypeItem
FNDA:42,(anonymous_7)
FNDA:42,(anonymous_8)
FNDA:42,(anonymous_9)
FNDA:21,(anonymous_11)
DA:7,2
DA:8,2
DA:10,2
DA:11,2
DA:12,42
DA:15,80
DA:16,80
DA:17,80
DA:20,2
DA:21,42
DA:23,2
DA:25,2
DA:29,2
DA:30,21
DA:32,2
LF:15
LH:15
BRDA:12,0,0,10
BRDA:12,0,1,32
BRDA:21,1,0,42
BRDA:21,1,1,0
BRF:4
BRH:3
end_of_record
TN:
SF:/Users/yucong02/self/walli/src/util/HasMessage.ts
FN:8,(anonymous_0)
FN:11,(anonymous_2)
FN:24,(anonymous_3)
FNF:3
FNH:3
FNDA:273,(anonymous_0)
FNDA:270,(anonymous_2)
FNDA:4,(anonymous_3)
DA:8,2
DA:9,271
DA:11,2
DA:12,270
DA:24,5
DA:25,4
DA:26,4
DA:28,2
LF:8
LH:8
BRDA:24,0,0,1
BRDA:24,0,1,3
BRF:2
BRH:2
end_of_record
TN:
SF:/Users/yucong02/self/walli/src/util/checkEqual.ts
FN:17,checkEqual
FNF:1
FNH:1
FNDA:154,checkEqual
DA:2,2
DA:3,2
DA:17,2
DA:22,154
DA:23,90
DA:26,154
DA:27,109
DA:29,45
LF:8
LH:8
BRDA:22,0,0,90
BRDA:22,0,1,64
BRDA:26,1,0,109
BRDA:26,1,1,45
BRF:4
BRH:4
end_of_record
TN:
SF:/Users/yucong02/self/walli/src/util/createVerifiableClass.ts
FN:65,createVerifiableClass
FN:75,(anonymous_2)
FN:76,(anonymous_3)
FN:80,(anonymous_4)
FN:90,(anonymous_5)
FNF:5
FNH:5
FNDA:4,createVerifiableClass
FNDA:7,(anonymous_2)
FNDA:7,(anonymous_3)
FNDA:13,(anonymous_4)
FNDA:4,(anonymous_5)
DA:7,2
DA:9,2
DA:65,2
DA:70,4
DA:71,8
DA:74,4
DA:75,8
DA:76,8
DA:77,4
DA:80,4
DA:81,13
DA:82,13
DA:84,4
DA:85,4
DA:87,4
DA:88,4
DA:90,4
DA:91,4
DA:94,4
LF:19
LH:19
BRDA:70,0,0,0
BRDA:70,0,1,4
BRDA:71,1,0,4
BRDA:71,1,1,0
BRDA:71,2,0,4
BRDA:71,2,1,0
BRDA:71,3,0,4
BRDA:71,3,1,0
BRDA:75,4,0,3
BRDA:75,4,1,1
BRDA:76,5,0,3
BRDA:76,5,1,1
BRDA:87,6,0,4
BRDA:87,6,1,0
BRDA:95,7,0,4
BRDA:95,7,1,0
BRF:16
BRH:10
end_of_record
TN:
SF:/Users/yucong02/self/walli/src/util/index.ts
FN:19,constructify
FN:30,funcify
FN:34,(anonymous_2)
FN:47,toArray
FN:63,inherits
FN:67,(anonymous_5)
FN:70,(anonymous_6)
FN:76,__
FN:89,getDisplayName
FN:108,getTypeName
FN:111,(anonymous_10)
FN:123,toString
FN:129,(anonymous_12)
FN:151,isRequired
FNF:14
FNH:11
FNDA:58,constructify
FNDA:51,funcify
FNDA:187,(anonymous_2)
FNDA:84,toArray
FNDA:55,inherits
FNDA:0,(anonymous_5)
FNDA:0,(anonymous_6)
FNDA:0,__
FNDA:16,getDisplayName
FNDA:52,getTypeName
FNDA:114,(anonymous_10)
FNDA:38,toString
FNDA:13,(anonymous_12)
FNDA:74,isRequired
DA:7,2
DA:8,2
DA:9,2
DA:12,2
DA:19,2
DA:20,58
DA:30,2
DA:33,51
DA:34,187
DA:35,187
DA:36,187
DA:39,0
DA:41,51
DA:42,51
DA:44,51
DA:47,2
DA:48,84
DA:49,3
DA:51,81
DA:54,2
DA:63,2
DA:65,55
DA:68,0
DA:71,0
DA:73,55
DA:75,55
DA:77,0
DA:79,55
DA:89,2
DA:91,32
DA:93,16
DA:94,4
DA:97,12
DA:98,12
DA:100,0
DA:108,2
DA:109,52
DA:110,52
DA:111,114
DA:112,38
DA:114,52
DA:123,76
DA:124,38
DA:125,5
DA:128,33
DA:129,13
DA:131,23
DA:132,1
DA:135,22
DA:136,13
DA:139,9
DA:140,0
DA:143,9
DA:151,2
DA:152,74
DA:153,57
DA:156,17
LF:57
LH:51
BRDA:21,0,0,3
BRDA:21,0,1,55
BRDA:20,1,0,58
BRDA:20,1,1,58
BRDA:35,2,0,187
BRDA:35,2,1,0
BRDA:48,3,0,3
BRDA:48,3,1,81
BRDA:65,4,0,55
BRDA:65,4,1,0
BRDA:65,4,2,0
BRDA:65,4,3,0
BRDA:71,5,0,0
BRDA:71,5,1,0
BRDA:80,6,0,55
BRDA:80,6,1,0
BRDA:82,7,0,0
BRDA:82,7,1,0
BRDA:91,8,0,0
BRDA:91,8,1,16
BRDA:91,9,0,0
BRDA:91,9,1,16
BRDA:93,10,0,4
BRDA:93,10,1,12
BRDA:97,11,0,12
BRDA:97,11,1,0
BRDA:98,12,0,12
BRDA:98,12,1,0
BRDA:110,13,0,38
BRDA:110,13,1,14
BRDA:110,14,0,52
BRDA:110,14,1,38
BRDA:112,15,0,38
BRDA:112,15,1,38
BRDA:112,15,2,0
BRDA:123,16,0,19
BRDA:123,16,1,19
BRDA:123,17,0,19
BRDA:123,17,1,19
BRDA:124,18,0,5
BRDA:124,18,1,33
BRDA:128,19,0,10
BRDA:128,19,1,23
BRDA:131,20,0,1
BRDA:131,20,1,22
BRDA:135,21,0,13
BRDA:135,21,1,9
BRDA:139,22,0,0
BRDA:139,22,1,9
BRDA:143,23,0,9
BRDA:143,23,1,0
BRDA:152,24,0,57
BRDA:152,24,1,17
BRF:53
BRH:37
end_of_record
TN:
SF:/Users/yucong02/self/walli/src/util/quote.ts
FN:23,_quote
FN:32,(anonymous_2)
FN:48,single
FN:57,double
FNF:4
FNH:4
FNDA:33,_quote
FNDA:10,(anonymous_2)
FNDA:31,single
FNDA:2,double
DA:3,2
DA:4,2
DA:5,2
DA:14,2
DA:18,2
DA:23,33
DA:29,33
DA:30,33
DA:33,10
DA:34,10
DA:48,2
DA:49,31
DA:57,2
DA:58,2
LF:14
LH:14
BRDA:23,0,0,0
BRDA:23,0,1,33
BRDA:23,1,0,0
BRDA:23,1,1,33
BRDA:31,2,0,4
BRDA:31,2,1,29
BRDA:35,3,0,10
BRDA:35,3,1,0
BRF:8
BRH:5
end_of_record
TN:
SF:/Users/yucong02/self/walli/src/util/ruleEachBreakable.ts
FN:4,_each
FN:6,(anonymous_1)
FN:20,some
FN:24,every
FNF:4
FNH:4
FNDA:12,_each
FNDA:18,(anonymous_1)
FNDA:5,some
FNDA:7,every
DA:1,2
DA:2,2
DA:5,12
DA:6,12
DA:7,18
DA:8,18
DA:9,10
DA:11,8
DA:14,12
DA:15,6
DA:17,6
DA:20,2
DA:21,5
DA:24,2
DA:25,7
LF:15
LH:15
BRDA:8,0,0,10
BRDA:8,0,1,8
BRDA:14,1,0,6
BRDA:14,1,1,6
BRF:4
BRH:4
end_of_record
